This is pdfTeX, Version 3.141592653-2.6-1.40.26 (TeX Live 2024) (preloaded format=pdflatex 2024.6.30)  30 JUN 2024 20:50
entering extended mode
 restricted \write18 enabled.
 %&-line parsing enabled.
**Informe_TP1-Charaf_Spiousas.tex
(./Informe_TP1-Charaf_Spiousas.tex
LaTeX2e <2024-06-01> patch level 2
L3 programming layer <2024-05-27>
(/Users/ignacio/Library/TinyTeX/texmf-dist/tex/latex/base/article.cls
Document Class: article 2024/02/08 v1.4n Standard LaTeX document class
(/Users/ignacio/Library/TinyTeX/texmf-dist/tex/latex/base/size11.clo
File: size11.clo 2024/02/08 v1.4n Standard LaTeX file (size option)
)
\c@part=\count194
\c@section=\count195
\c@subsection=\count196
\c@subsubsection=\count197
\c@paragraph=\count198
\c@subparagraph=\count199
\c@figure=\count266
\c@table=\count267
\abovecaptionskip=\skip49
\belowcaptionskip=\skip50
\bibindent=\dimen141
) (/Users/ignacio/Library/TinyTeX/texmf-dist/tex/latex/amsmath/amsmath.sty
Package: amsmath 2024/05/23 v2.17q AMS math features
\@mathmargin=\skip51
For additional information on amsmath, use the `?' option.
(/Users/ignacio/Library/TinyTeX/texmf-dist/tex/latex/amsmath/amstext.sty
Package: amstext 2021/08/26 v2.01 AMS text
(/Users/ignacio/Library/TinyTeX/texmf-dist/tex/latex/amsmath/amsgen.sty
File: amsgen.sty 1999/11/30 v2.0 generic functions
\@emptytoks=\toks17
\ex@=\dimen142
)) (/Users/ignacio/Library/TinyTeX/texmf-dist/tex/latex/amsmath/amsbsy.sty
Package: amsbsy 1999/11/29 v1.2d Bold Symbols
\pmbraise@=\dimen143
) (/Users/ignacio/Library/TinyTeX/texmf-dist/tex/latex/amsmath/amsopn.sty
Package: amsopn 2022/04/08 v2.04 operator names
)
\inf@bad=\count268
LaTeX Info: Redefining \frac on input line 233.
\uproot@=\count269
\leftroot@=\count270
LaTeX Info: Redefining \overline on input line 398.
LaTeX Info: Redefining \colon on input line 409.
\classnum@=\count271
\DOTSCASE@=\count272
LaTeX Info: Redefining \ldots on input line 495.
LaTeX Info: Redefining \dots on input line 498.
LaTeX Info: Redefining \cdots on input line 619.
\Mathstrutbox@=\box52
\strutbox@=\box53
LaTeX Info: Redefining \big on input line 721.
LaTeX Info: Redefining \Big on input line 722.
LaTeX Info: Redefining \bigg on input line 723.
LaTeX Info: Redefining \Bigg on input line 724.
\big@size=\dimen144
LaTeX Font Info:    Redeclaring font encoding OML on input line 742.
LaTeX Font Info:    Redeclaring font encoding OMS on input line 743.
\macc@depth=\count273
LaTeX Info: Redefining \bmod on input line 904.
LaTeX Info: Redefining \pmod on input line 909.
LaTeX Info: Redefining \smash on input line 939.
LaTeX Info: Redefining \relbar on input line 969.
LaTeX Info: Redefining \Relbar on input line 970.
\c@MaxMatrixCols=\count274
\dotsspace@=\muskip17
\c@parentequation=\count275
\dspbrk@lvl=\count276
\tag@help=\toks18
\row@=\count277
\column@=\count278
\maxfields@=\count279
\andhelp@=\toks19
\eqnshift@=\dimen145
\alignsep@=\dimen146
\tagshift@=\dimen147
\tagwidth@=\dimen148
\totwidth@=\dimen149
\lineht@=\dimen150
\@envbody=\toks20
\multlinegap=\skip52
\multlinetaggap=\skip53
\mathdisplay@stack=\toks21
LaTeX Info: Redefining \[ on input line 2953.
LaTeX Info: Redefining \] on input line 2954.
) (/Users/ignacio/Library/TinyTeX/texmf-dist/tex/latex/amsfonts/amssymb.sty
Package: amssymb 2013/01/14 v3.01 AMS font symbols
(/Users/ignacio/Library/TinyTeX/texmf-dist/tex/latex/amsfonts/amsfonts.sty
Package: amsfonts 2013/01/14 v3.01 Basic AMSFonts support
\symAMSa=\mathgroup4
\symAMSb=\mathgroup5
LaTeX Font Info:    Redeclaring math symbol \hbar on input line 98.
LaTeX Font Info:    Overwriting math alphabet `\mathfrak' in version `bold'
(Font)                  U/euf/m/n --> U/euf/b/n on input line 106.
)) (/Users/ignacio/Library/TinyTeX/texmf-dist/tex/latex/setspace/setspace.sty
Package: setspace 2022/12/04 v6.7b set line spacing
) (/Users/ignacio/Library/TinyTeX/texmf-dist/tex/generic/iftex/iftex.sty
Package: iftex 2022/02/03 v1.0f TeX engine tests
) (/Users/ignacio/Library/TinyTeX/texmf-dist/tex/latex/base/fontenc.sty
Package: fontenc 2021/04/29 v2.0v Standard LaTeX package
) (/Users/ignacio/Library/TinyTeX/texmf-dist/tex/latex/base/inputenc.sty
Package: inputenc 2024/02/08 v1.3d Input encoding file
\inpenc@prehook=\toks22
\inpenc@posthook=\toks23
) (/Users/ignacio/Library/TinyTeX/texmf-dist/tex/latex/base/textcomp.sty
Package: textcomp 2024/04/24 v2.1b Standard LaTeX package
) (/Users/ignacio/Library/TinyTeX/texmf-dist/tex/latex/lm/lmodern.sty
Package: lmodern 2015/05/01 v1.6.1 Latin Modern Fonts
LaTeX Font Info:    Overwriting symbol font `operators' in version `normal'
(Font)                  OT1/cmr/m/n --> OT1/lmr/m/n on input line 22.
LaTeX Font Info:    Overwriting symbol font `letters' in version `normal'
(Font)                  OML/cmm/m/it --> OML/lmm/m/it on input line 23.
LaTeX Font Info:    Overwriting symbol font `symbols' in version `normal'
(Font)                  OMS/cmsy/m/n --> OMS/lmsy/m/n on input line 24.
LaTeX Font Info:    Overwriting symbol font `largesymbols' in version `normal'
(Font)                  OMX/cmex/m/n --> OMX/lmex/m/n on input line 25.
LaTeX Font Info:    Overwriting symbol font `operators' in version `bold'
(Font)                  OT1/cmr/bx/n --> OT1/lmr/bx/n on input line 26.
LaTeX Font Info:    Overwriting symbol font `letters' in version `bold'
(Font)                  OML/cmm/b/it --> OML/lmm/b/it on input line 27.
LaTeX Font Info:    Overwriting symbol font `symbols' in version `bold'
(Font)                  OMS/cmsy/b/n --> OMS/lmsy/b/n on input line 28.
LaTeX Font Info:    Overwriting symbol font `largesymbols' in version `bold'
(Font)                  OMX/cmex/m/n --> OMX/lmex/m/n on input line 29.
LaTeX Font Info:    Overwriting math alphabet `\mathbf' in version `normal'
(Font)                  OT1/cmr/bx/n --> OT1/lmr/bx/n on input line 31.
LaTeX Font Info:    Overwriting math alphabet `\mathsf' in version `normal'
(Font)                  OT1/cmss/m/n --> OT1/lmss/m/n on input line 32.
LaTeX Font Info:    Overwriting math alphabet `\mathit' in version `normal'
(Font)                  OT1/cmr/m/it --> OT1/lmr/m/it on input line 33.
LaTeX Font Info:    Overwriting math alphabet `\mathtt' in version `normal'
(Font)                  OT1/cmtt/m/n --> OT1/lmtt/m/n on input line 34.
LaTeX Font Info:    Overwriting math alphabet `\mathbf' in version `bold'
(Font)                  OT1/cmr/bx/n --> OT1/lmr/bx/n on input line 35.
LaTeX Font Info:    Overwriting math alphabet `\mathsf' in version `bold'
(Font)                  OT1/cmss/bx/n --> OT1/lmss/bx/n on input line 36.
LaTeX Font Info:    Overwriting math alphabet `\mathit' in version `bold'
(Font)                  OT1/cmr/bx/it --> OT1/lmr/bx/it on input line 37.
LaTeX Font Info:    Overwriting math alphabet `\mathtt' in version `bold'
(Font)                  OT1/cmtt/m/n --> OT1/lmtt/m/n on input line 38.
) (/Users/ignacio/Library/TinyTeX/texmf-dist/tex/latex/parskip/parskip.sty
Package: parskip 2021-03-14 v2.0h non-zero parskip adjustments
(/Users/ignacio/Library/TinyTeX/texmf-dist/tex/latex/kvoptions/kvoptions.sty
Package: kvoptions 2022-06-15 v3.15 Key value format for package options (HO)
(/Users/ignacio/Library/TinyTeX/texmf-dist/tex/latex/graphics/keyval.sty
Package: keyval 2022/05/29 v1.15 key=value parser (DPC)
\KV@toks@=\toks24
) (/Users/ignacio/Library/TinyTeX/texmf-dist/tex/generic/ltxcmds/ltxcmds.sty
Package: ltxcmds 2023-12-04 v1.26 LaTeX kernel commands for general use (HO)
) (/Users/ignacio/Library/TinyTeX/texmf-dist/tex/latex/kvsetkeys/kvsetkeys.sty
Package: kvsetkeys 2022-10-05 v1.19 Key value parser (HO)
)) (/Users/ignacio/Library/TinyTeX/texmf-dist/tex/latex/etoolbox/etoolbox.sty
Package: etoolbox 2020/10/05 v2.5k e-TeX tools for LaTeX (JAW)
\etb@tempcnta=\count280
)) (/Users/ignacio/Library/TinyTeX/texmf-dist/tex/latex/xcolor/xcolor.sty
Package: xcolor 2023/11/15 v3.01 LaTeX color extensions (UK)
(/Users/ignacio/Library/TinyTeX/texmf-dist/tex/latex/graphics-cfg/color.cfg
File: color.cfg 2016/01/02 v1.6 sample color configuration
)
Package xcolor Info: Driver file: pdftex.def on input line 274.
(/Users/ignacio/Library/TinyTeX/texmf-dist/tex/latex/graphics-def/pdftex.def
File: pdftex.def 2024/04/13 v1.2c Graphics/color driver for pdftex
) (/Users/ignacio/Library/TinyTeX/texmf-dist/tex/latex/graphics/mathcolor.ltx)
Package xcolor Info: Model `cmy' substituted by `cmy0' on input line 1350.
Package xcolor Info: Model `hsb' substituted by `rgb' on input line 1354.
Package xcolor Info: Model `RGB' extended on input line 1366.
Package xcolor Info: Model `HTML' substituted by `rgb' on input line 1368.
Package xcolor Info: Model `Hsb' substituted by `hsb' on input line 1369.
Package xcolor Info: Model `tHsb' substituted by `hsb' on input line 1370.
Package xcolor Info: Model `HSB' substituted by `hsb' on input line 1371.
Package xcolor Info: Model `Gray' substituted by `gray' on input line 1372.
Package xcolor Info: Model `wave' substituted by `hsb' on input line 1373.
) (/Users/ignacio/Library/TinyTeX/texmf-dist/tex/latex/geometry/geometry.sty
Package: geometry 2020/01/02 v5.9 Page Geometry
(/Users/ignacio/Library/TinyTeX/texmf-dist/tex/generic/iftex/ifvtex.sty
Package: ifvtex 2019/10/25 v1.7 ifvtex legacy package. Use iftex instead.
)
\Gm@cnth=\count281
\Gm@cntv=\count282
\c@Gm@tempcnt=\count283
\Gm@bindingoffset=\dimen151
\Gm@wd@mp=\dimen152
\Gm@odd@mp=\dimen153
\Gm@even@mp=\dimen154
\Gm@layoutwidth=\dimen155
\Gm@layoutheight=\dimen156
\Gm@layouthoffset=\dimen157
\Gm@layoutvoffset=\dimen158
\Gm@dimlist=\toks25
) (/Users/ignacio/Library/TinyTeX/texmf-dist/tex/latex/fancyvrb/fancyvrb.sty
Package: fancyvrb 2024/01/20 4.5c verbatim text (tvz,hv)
\FV@CodeLineNo=\count284
\FV@InFile=\read2
\FV@TabBox=\box54
\c@FancyVerbLine=\count285
\FV@StepNumber=\count286
\FV@OutFile=\write3
) (/Users/ignacio/Library/TinyTeX/texmf-dist/tex/latex/framed/framed.sty
Package: framed 2011/10/22 v 0.96: framed or shaded text with page breaks
\OuterFrameSep=\skip54
\fb@frw=\dimen159
\fb@frh=\dimen160
\FrameRule=\dimen161
\FrameSep=\dimen162
) (/Users/ignacio/Library/TinyTeX/texmf-dist/tex/latex/graphics/graphicx.sty
Package: graphicx 2021/09/16 v1.2d Enhanced LaTeX Graphics (DPC,SPQR)
(/Users/ignacio/Library/TinyTeX/texmf-dist/tex/latex/graphics/graphics.sty
Package: graphics 2024/05/23 v1.4g Standard LaTeX Graphics (DPC,SPQR)
(/Users/ignacio/Library/TinyTeX/texmf-dist/tex/latex/graphics/trig.sty
Package: trig 2023/12/02 v1.11 sin cos tan (DPC)
) (/Users/ignacio/Library/TinyTeX/texmf-dist/tex/latex/graphics-cfg/graphics.cfg
File: graphics.cfg 2016/06/04 v1.11 sample graphics configuration
)
Package graphics Info: Driver file: pdftex.def on input line 106.
)
\Gin@req@height=\dimen163
\Gin@req@width=\dimen164
) (/Users/ignacio/Library/TinyTeX/texmf-dist/tex/latex/float/float.sty
Package: float 2001/11/08 v1.3d Float enhancements (AL)
\c@float@type=\count287
\float@exts=\toks26
\float@box=\box55
\@float@everytoks=\toks27
\@floatcapt=\box56
) (/Users/ignacio/Library/TinyTeX/texmf-dist/tex/latex/tabularray/tabularray.sty (/Users/ignacio/Library/TinyTeX/texmf-dist/tex/latex/l3kernel/expl3.sty
Package: expl3 2024-05-27 L3 programming layer (loader) 
(/Users/ignacio/Library/TinyTeX/texmf-dist/tex/latex/l3backend/l3backend-pdftex.def
File: l3backend-pdftex.def 2024-05-08 L3 backend support: PDF output (pdfTeX)
\l__color_backend_stack_int=\count288
\l__pdf_internal_box=\box57
))
Package: tabularray 2024-02-16 v2024A Typeset tabulars and arrays with LaTeX3
\l__tblr_a_int=\count289
\l__tblr_c_int=\count290
\l__tblr_r_int=\count291
\l__tblr_d_dim=\dimen165
\l__tblr_h_dim=\dimen166
\l__tblr_o_dim=\dimen167
\l__tblr_p_dim=\dimen168
\l__tblr_q_dim=\dimen169
\l__tblr_r_dim=\dimen170
\l__tblr_s_dim=\dimen171
\l__tblr_t_dim=\dimen172
\l__tblr_v_dim=\dimen173
\l__tblr_w_dim=\dimen174
\l__tblr_a_box=\box58
\l__tblr_b_box=\box59
\l__tblr_c_box=\box60
\l__tblr_d_box=\box61
\g__tblr_table_count_int=\count292
\c@rownum=\count293
\c@colnum=\count294
\c@rowcount=\count295
\c@colcount=\count296
\abovesep=\dimen175
\belowsep=\dimen176
\leftsep=\dimen177
\rightsep=\dimen178
\g_tblr_level_int=\count297
\g__tblr_data_row_key_count_int=\count298
\g__tblr_data_column_key_count_int=\count299
\g__tblr_data_cell_key_count_int=\count300
\g__tblr_array_int=\count301
\l__tblr_key_count_int=\count302
\l__tblr_key_quotient_int=\count303
\l__tblr_key_quotient_two_int=\count304
\l__tblr_key_remainder_int=\count305
\g__tblr_data_str_value_count_int=\count306
\rulewidth=\dimen179
\l__tblr_strut_dp_dim=\dimen180
\l__tblr_strut_ht_dim=\dimen181
\g__tblr_cell_wd_dim=\dimen182
\g__tblr_cell_ht_dim=\dimen183
\g__tblr_cell_head_dim=\dimen184
\g__tblr_cell_foot_dim=\dimen185
\l__column_target_dim=\dimen186
\l__tblr_caption_box=\box62
\l__tblr_caption_left_box=\box63
\l__tblr_row_head_box=\box64
\l__tblr_row_foot_box=\box65
\l__tblr_row_head_foot_dim=\dimen187
\tablewidth=\dimen188
\l__tblr_table_firsthead_box=\box66
\l__tblr_table_middlehead_box=\box67
\l__tblr_table_lasthead_box=\box68
\l__tblr_table_firstfoot_box=\box69
\l__tblr_table_middlefoot_box=\box70
\l__tblr_table_lastfoot_box=\box71
\l__tblr_remain_height_dim=\dimen189
\l__tblr_long_from_int=\count307
\l__tblr_long_to_int=\count308
\l__tblr_curr_i_int=\count309
\l__tblr_prev_i_int=\count310
\l__tblr_table_page_int=\count311
\l__tblr_table_head_box=\box72
\l__tblr_table_foot_box=\box73
\l__tblr_table_head_foot_dim=\dimen190
\l__tblr_table_head_body_foot_dim=\dimen191
\l__tblr_table_box=\box74
\l__tblr_table_hlines_box=\box75
\l__tblr_hline_box=\box76
\l__tblr_row_box=\box77
\l__tblr_col_o_wd_dim=\dimen192
\l__tblr_col_b_wd_dim=\dimen193
\l__tblr_hline_leftskip_dim=\dimen194
\l__tblr_hline_rightskip_dim=\dimen195
\l__tblr_row_ht_dim=\dimen196
\l__tblr_row_dp_dim=\dimen197
\l__tblr_row_abovesep_dim=\dimen198
\l__tblr_row_belowsep_dim=\dimen199
\l__tblr_row_vlines_box=\box78
\l__tblr_vline_box=\box79
\l__tblr_cell_box=\box80
\l__row_upper_dim=\dimen256
\l__row_lower_dim=\dimen257
\l__row_vpace_dim=\dimen258
\l__tblr_vline_aboveskip_dim=\dimen259
\l__tblr_vline_belowskip_dim=\dimen260
\l__tblr_cell_wd_dim=\dimen261
\l__tblr_cell_ht_dim=\dimen262
\l__tblr_diag_box=\box81
) (/Users/ignacio/Library/TinyTeX/texmf-dist/tex/generic/ulem/ulem.sty
\UL@box=\box82
\UL@hyphenbox=\box83
\UL@skip=\skip55
\UL@hook=\toks28
\UL@height=\dimen263
\UL@pe=\count312
\UL@pixel=\dimen264
\ULC@box=\box84
Package: ulem 2019/11/18
\ULdepth=\dimen265
) (/Users/ignacio/Library/TinyTeX/texmf-dist/tex/latex/booktabs/booktabs.sty
Package: booktabs 2020/01/12 v1.61803398 Publication quality tables
\heavyrulewidth=\dimen266
\lightrulewidth=\dimen267
\cmidrulewidth=\dimen268
\belowrulesep=\dimen269
\belowbottomsep=\dimen270
\aboverulesep=\dimen271
\abovetopsep=\dimen272
\cmidrulesep=\dimen273
\cmidrulekern=\dimen274
\defaultaddspace=\dimen275
\@cmidla=\count313
\@cmidlb=\count314
\@aboverulesep=\dimen276
\@belowrulesep=\dimen277
\@thisruleclass=\count315
\@lastruleclass=\count316
\@thisrulewidth=\dimen278
) (/Users/ignacio/Library/TinyTeX/texmf-dist/tex/latex/siunitx/siunitx.sty
Package: siunitx 2024-06-24 v3.3.19 A comprehensive (SI) units package
\l__siunitx_number_uncert_offset_int=\count317
\l__siunitx_number_exponent_fixed_int=\count318
\l__siunitx_number_min_decimal_int=\count319
\l__siunitx_number_min_integer_int=\count320
\l__siunitx_number_round_precision_int=\count321
\l__siunitx_number_lower_threshold_int=\count322
\l__siunitx_number_upper_threshold_int=\count323
\l__siunitx_number_group_first_int=\count324
\l__siunitx_number_group_size_int=\count325
\l__siunitx_number_group_minimum_int=\count326
\l__siunitx_angle_tmp_dim=\dimen279
\l__siunitx_angle_marker_box=\box85
\l__siunitx_angle_unit_box=\box86
\l__siunitx_compound_count_int=\count327
\l__siunitx_table_tmp_box=\box87
\l__siunitx_table_tmp_dim=\dimen280
\l__siunitx_table_column_width_dim=\dimen281
\l__siunitx_table_integer_box=\box88
\l__siunitx_table_decimal_box=\box89
\l__siunitx_table_uncert_box=\box90
\l__siunitx_table_before_box=\box91
\l__siunitx_table_after_box=\box92
\l__siunitx_table_before_dim=\dimen282
\l__siunitx_table_carry_dim=\dimen283
\l__siunitx_unit_tmp_int=\count328
\l__siunitx_unit_position_int=\count329
\l__siunitx_unit_total_int=\count330
(/Users/ignacio/Library/TinyTeX/texmf-dist/tex/latex/tools/array.sty
Package: array 2024/06/14 v2.6d Tabular extension package (FMi)
\col@sep=\dimen284
\ar@mcellbox=\box93
\extrarowheight=\dimen285
\NC@list=\toks29
\extratabsurround=\skip56
\backup@length=\skip57
\ar@cellbox=\box94
)) (/Users/ignacio/Library/TinyTeX/texmf-dist/tex/latex/bookmark/bookmark.sty
Package: bookmark 2023-12-10 v1.31 PDF bookmarks (HO)
(/Users/ignacio/Library/TinyTeX/texmf-dist/tex/latex/hyperref/hyperref.sty
Package: hyperref 2024-05-23 v7.01i Hypertext links for LaTeX
(/Users/ignacio/Library/TinyTeX/texmf-dist/tex/generic/kvdefinekeys/kvdefinekeys.sty
Package: kvdefinekeys 2019-12-19 v1.6 Define keys (HO)
) (/Users/ignacio/Library/TinyTeX/texmf-dist/tex/generic/pdfescape/pdfescape.sty
Package: pdfescape 2019/12/09 v1.15 Implements pdfTeX's escape features (HO)
(/Users/ignacio/Library/TinyTeX/texmf-dist/tex/generic/pdftexcmds/pdftexcmds.sty
Package: pdftexcmds 2020-06-27 v0.33 Utility functions of pdfTeX for LuaTeX (HO)
(/Users/ignacio/Library/TinyTeX/texmf-dist/tex/generic/infwarerr/infwarerr.sty
Package: infwarerr 2019/12/03 v1.5 Providing info/warning/error messages (HO)
)
Package pdftexcmds Info: \pdf@primitive is available.
Package pdftexcmds Info: \pdf@ifprimitive is available.
Package pdftexcmds Info: \pdfdraftmode found.
)) (/Users/ignacio/Library/TinyTeX/texmf-dist/tex/latex/hycolor/hycolor.sty
Package: hycolor 2020-01-27 v1.10 Color options for hyperref/bookmark (HO)
) (/Users/ignacio/Library/TinyTeX/texmf-dist/tex/latex/hyperref/nameref.sty
Package: nameref 2023-11-26 v2.56 Cross-referencing by name of section
(/Users/ignacio/Library/TinyTeX/texmf-dist/tex/latex/refcount/refcount.sty
Package: refcount 2019/12/15 v3.6 Data extraction from label references (HO)
) (/Users/ignacio/Library/TinyTeX/texmf-dist/tex/generic/gettitlestring/gettitlestring.sty
Package: gettitlestring 2019/12/15 v1.6 Cleanup title references (HO)
)
\c@section@level=\count331
) (/Users/ignacio/Library/TinyTeX/texmf-dist/tex/generic/stringenc/stringenc.sty
Package: stringenc 2019/11/29 v1.12 Convert strings between diff. encodings (HO)
)
\@linkdim=\dimen286
\Hy@linkcounter=\count332
\Hy@pagecounter=\count333
(/Users/ignacio/Library/TinyTeX/texmf-dist/tex/latex/hyperref/pd1enc.def
File: pd1enc.def 2024-05-23 v7.01i Hyperref: PDFDocEncoding definition (HO)
Now handling font encoding PD1 ...
... no UTF-8 mapping file for font encoding PD1
) (/Users/ignacio/Library/TinyTeX/texmf-dist/tex/generic/intcalc/intcalc.sty
Package: intcalc 2019/12/15 v1.3 Expandable calculations with integers (HO)
)
\Hy@SavedSpaceFactor=\count334
(/Users/ignacio/Library/TinyTeX/texmf-dist/tex/latex/hyperref/puenc.def
File: puenc.def 2024-05-23 v7.01i Hyperref: PDF Unicode definition (HO)
Now handling font encoding PU ...
... no UTF-8 mapping file for font encoding PU
)
Package hyperref Info: Option `unicode' set `true' on input line 4040.
Package hyperref Info: Hyper figures OFF on input line 4157.
Package hyperref Info: Link nesting OFF on input line 4162.
Package hyperref Info: Hyper index ON on input line 4165.
Package hyperref Info: Plain pages OFF on input line 4172.
Package hyperref Info: Backreferencing OFF on input line 4177.
Package hyperref Info: Implicit mode ON; LaTeX internals redefined.
Package hyperref Info: Bookmarks ON on input line 4424.
\c@Hy@tempcnt=\count335
(/Users/ignacio/Library/TinyTeX/texmf-dist/tex/latex/url/url.sty
\Urlmuskip=\muskip18
Package: url 2013/09/16  ver 3.4  Verb mode for urls, etc.
)
LaTeX Info: Redefining \url on input line 4763.
\XeTeXLinkMargin=\dimen287
(/Users/ignacio/Library/TinyTeX/texmf-dist/tex/generic/bitset/bitset.sty
Package: bitset 2019/12/09 v1.3 Handle bit-vector datatype (HO)
(/Users/ignacio/Library/TinyTeX/texmf-dist/tex/generic/bigintcalc/bigintcalc.sty
Package: bigintcalc 2019/12/15 v1.5 Expandable calculations on big integers (HO)
))
\Fld@menulength=\count336
\Field@Width=\dimen288
\Fld@charsize=\dimen289
Package hyperref Info: Hyper figures OFF on input line 6042.
Package hyperref Info: Link nesting OFF on input line 6047.
Package hyperref Info: Hyper index ON on input line 6050.
Package hyperref Info: backreferencing OFF on input line 6057.
Package hyperref Info: Link coloring OFF on input line 6062.
Package hyperref Info: Link coloring with OCG OFF on input line 6067.
Package hyperref Info: PDF/A mode OFF on input line 6072.
(/Users/ignacio/Library/TinyTeX/texmf-dist/tex/latex/base/atbegshi-ltx.sty
Package: atbegshi-ltx 2021/01/10 v1.0c Emulation of the original atbegshi
package with kernel methods
)
\Hy@abspage=\count337
\c@Item=\count338
\c@Hfootnote=\count339
)
Package hyperref Info: Driver (autodetected): hpdftex.
(/Users/ignacio/Library/TinyTeX/texmf-dist/tex/latex/hyperref/hpdftex.def
File: hpdftex.def 2024-05-23 v7.01i Hyperref driver for pdfTeX
(/Users/ignacio/Library/TinyTeX/texmf-dist/tex/latex/base/atveryend-ltx.sty
Package: atveryend-ltx 2020/08/19 v1.0a Emulation of the original atveryend package
with kernel methods
)
\Fld@listcount=\count340
\c@bookmark@seq@number=\count341
(/Users/ignacio/Library/TinyTeX/texmf-dist/tex/latex/rerunfilecheck/rerunfilecheck.sty
Package: rerunfilecheck 2022-07-10 v1.10 Rerun checks for auxiliary files (HO)
(/Users/ignacio/Library/TinyTeX/texmf-dist/tex/generic/uniquecounter/uniquecounter.sty
Package: uniquecounter 2019/12/15 v1.4 Provide unlimited unique counter (HO)
)
Package uniquecounter Info: New unique counter `rerunfilecheck' on input line 285.
)
\Hy@SectionHShift=\skip58
) (/Users/ignacio/Library/TinyTeX/texmf-dist/tex/latex/bookmark/bkm-pdftex.def
File: bkm-pdftex.def 2023-12-10 v1.31 bookmark driver for pdfTeX and luaTeX (HO)
\BKM@id=\count342
))
LaTeX Font Info:    Trying to load font information for T1+lmr on input line 124.
(/Users/ignacio/Library/TinyTeX/texmf-dist/tex/latex/lm/t1lmr.fd
File: t1lmr.fd 2015/05/01 v1.6.1 Font defs for Latin Modern
) (./Informe_TP1-Charaf_Spiousas.aux)
\openout1 = `Informe_TP1-Charaf_Spiousas.aux'.

LaTeX Font Info:    Checking defaults for OML/cmm/m/it on input line 124.
LaTeX Font Info:    ... okay on input line 124.
LaTeX Font Info:    Checking defaults for OMS/cmsy/m/n on input line 124.
LaTeX Font Info:    ... okay on input line 124.
LaTeX Font Info:    Checking defaults for OT1/cmr/m/n on input line 124.
LaTeX Font Info:    ... okay on input line 124.
LaTeX Font Info:    Checking defaults for T1/cmr/m/n on input line 124.
LaTeX Font Info:    ... okay on input line 124.
LaTeX Font Info:    Checking defaults for TS1/cmr/m/n on input line 124.
LaTeX Font Info:    ... okay on input line 124.
LaTeX Font Info:    Checking defaults for OMX/cmex/m/n on input line 124.
LaTeX Font Info:    ... okay on input line 124.
LaTeX Font Info:    Checking defaults for U/cmr/m/n on input line 124.
LaTeX Font Info:    ... okay on input line 124.
LaTeX Font Info:    Checking defaults for PD1/pdf/m/n on input line 124.
LaTeX Font Info:    ... okay on input line 124.
LaTeX Font Info:    Checking defaults for PU/pdf/m/n on input line 124.
LaTeX Font Info:    ... okay on input line 124.
(/Users/ignacio/Library/TinyTeX/texmf-dist/tex/latex/epstopdf-pkg/epstopdf-base.sty
Package: epstopdf-base 2020-01-24 v2.11 Base part for package epstopdf
Package epstopdf-base Info: Redefining graphics rule for `.eps' on input line 485.
(/Users/ignacio/Library/TinyTeX/texmf-dist/tex/latex/latexconfig/epstopdf-sys.cfg
File: epstopdf-sys.cfg 2010/07/13 v1.3 Configuration of (r)epstopdf for TeX Live
))
*geometry* driver: auto-detecting
*geometry* detected driver: pdftex
*geometry* verbose mode - [ preamble ] result:
* driver: pdftex
* paper: <default>
* layout: <same size as paper>
* layoutoffset:(h,v)=(0.0pt,0.0pt)
* modes: 
* h-part:(L,W,R)=(72.26999pt, 469.75502pt, 72.26999pt)
* v-part:(T,H,B)=(72.26999pt, 650.43001pt, 72.26999pt)
* \paperwidth=614.295pt
* \paperheight=794.96999pt
* \textwidth=469.75502pt
* \textheight=650.43001pt
* \oddsidemargin=0.0pt
* \evensidemargin=0.0pt
* \topmargin=-37.0pt
* \headheight=12.0pt
* \headsep=25.0pt
* \topskip=11.0pt
* \footskip=30.0pt
* \marginparwidth=59.0pt
* \marginparsep=10.0pt
* \columnsep=10.0pt
* \skip\footins=10.0pt plus 4.0pt minus 2.0pt
* \hoffset=0.0pt
* \voffset=0.0pt
* \mag=1000
* \@twocolumnfalse
* \@twosidefalse
* \@mparswitchfalse
* \@reversemarginfalse
* (1in=72.27pt=25.4mm, 1cm=28.453pt)

(/Users/ignacio/Library/TinyTeX/texmf-dist/tex/latex/ninecolors/ninecolors.sty
Package: ninecolors 2022-02-13 v2022D Select colors with proper color contrast
(/Users/ignacio/Library/TinyTeX/texmf-dist/tex/latex/l3packages/xparse/xparse.sty
Package: xparse 2024-05-08 L3 Experimental document command parser
))
Package hyperref Info: Link coloring OFF on input line 124.
LaTeX Font Info:    Trying to load font information for OT1+lmr on input line 126.
(/Users/ignacio/Library/TinyTeX/texmf-dist/tex/latex/lm/ot1lmr.fd
File: ot1lmr.fd 2015/05/01 v1.6.1 Font defs for Latin Modern
)
LaTeX Font Info:    Trying to load font information for OML+lmm on input line 126.
(/Users/ignacio/Library/TinyTeX/texmf-dist/tex/latex/lm/omllmm.fd
File: omllmm.fd 2015/05/01 v1.6.1 Font defs for Latin Modern
)
LaTeX Font Info:    Trying to load font information for OMS+lmsy on input line 126.
(/Users/ignacio/Library/TinyTeX/texmf-dist/tex/latex/lm/omslmsy.fd
File: omslmsy.fd 2015/05/01 v1.6.1 Font defs for Latin Modern
)
LaTeX Font Info:    Trying to load font information for OMX+lmex on input line 126.
(/Users/ignacio/Library/TinyTeX/texmf-dist/tex/latex/lm/omxlmex.fd
File: omxlmex.fd 2015/05/01 v1.6.1 Font defs for Latin Modern
)
LaTeX Font Info:    External font `lmex10' loaded for size
(Font)              <12> on input line 126.
LaTeX Font Info:    External font `lmex10' loaded for size
(Font)              <8> on input line 126.
LaTeX Font Info:    External font `lmex10' loaded for size
(Font)              <6> on input line 126.
LaTeX Font Info:    Trying to load font information for U+msa on input line 126.
(/Users/ignacio/Library/TinyTeX/texmf-dist/tex/latex/amsfonts/umsa.fd
File: umsa.fd 2013/01/14 v3.01 AMS symbols A
)
LaTeX Font Info:    Trying to load font information for U+msb on input line 126.
(/Users/ignacio/Library/TinyTeX/texmf-dist/tex/latex/amsfonts/umsb.fd
File: umsb.fd 2013/01/14 v3.01 AMS symbols B
)
LaTeX Font Info:    Trying to load font information for T1+lmtt on input line 139.
(/Users/ignacio/Library/TinyTeX/texmf-dist/tex/latex/lm/t1lmtt.fd
File: t1lmtt.fd 2015/05/01 v1.6.1 Font defs for Latin Modern
)
LaTeX Font Info:    External font `lmex10' loaded for size
(Font)              <10.95> on input line 147.
LaTeX Font Info:    External font `lmex10' loaded for size
(Font)              <9> on input line 152.
LaTeX Font Info:    External font `lmex10' loaded for size
(Font)              <5> on input line 152.
LaTeX Font Info:    Font shape `T1/lmtt/bx/n' in size <10.95> not available
(Font)              Font shape `T1/lmtt/b/n' tried instead on input line 157.


[1

{/Users/ignacio/Library/TinyTeX/texmf-var/fonts/map/pdftex/updmap/pdftex.map}{/Users/ignacio/Library/TinyTeX/texmf-dist/fonts/enc/dvips/lm/lm-ec.enc}]
> Step: init table outer spec.
> Step: parse table options.
> Step: split table.
> Step: init table inner spec.
> Step: parse table inner spec.
> Step: execute table commands.
> Step: calculate cell and line sizes.
<tinytable_assets/idb6b0mlev99f0xhn3ur6x.png, id=29, 1003.75pt x 334.24875pt>
File: tinytable_assets/idb6b0mlev99f0xhn3ur6x.png Graphic file (type png)
<use tinytable_assets/idb6b0mlev99f0xhn3ur6x.png>
Package pdftex.def Info: tinytable_assets/idb6b0mlev99f0xhn3ur6x.png  used on input line 207.
(pdftex.def)             Requested size: 32.86807pt x 10.94507pt.
File: tinytable_assets/idb6b0mlev99f0xhn3ur6x.png Graphic file (type png)
<use tinytable_assets/idb6b0mlev99f0xhn3ur6x.png>
Package pdftex.def Info: tinytable_assets/idb6b0mlev99f0xhn3ur6x.png  used on input line 207.
(pdftex.def)             Requested size: 32.86807pt x 10.94507pt.
<tinytable_assets/idpca4ob82ottgwe49wopi.png, id=31, 1003.75pt x 334.24875pt>
File: tinytable_assets/idpca4ob82ottgwe49wopi.png Graphic file (type png)
<use tinytable_assets/idpca4ob82ottgwe49wopi.png>
Package pdftex.def Info: tinytable_assets/idpca4ob82ottgwe49wopi.png  used on input line 207.
(pdftex.def)             Requested size: 32.86807pt x 10.94507pt.
File: tinytable_assets/idpca4ob82ottgwe49wopi.png Graphic file (type png)
<use tinytable_assets/idpca4ob82ottgwe49wopi.png>
Package pdftex.def Info: tinytable_assets/idpca4ob82ottgwe49wopi.png  used on input line 207.
(pdftex.def)             Requested size: 32.86807pt x 10.94507pt.
<tinytable_assets/iddelo33hlmq6ytwyy7w0n.png, id=32, 1003.75pt x 334.24875pt>
File: tinytable_assets/iddelo33hlmq6ytwyy7w0n.png Graphic file (type png)
<use tinytable_assets/iddelo33hlmq6ytwyy7w0n.png>
Package pdftex.def Info: tinytable_assets/iddelo33hlmq6ytwyy7w0n.png  used on input line 207.
(pdftex.def)             Requested size: 32.86807pt x 10.94507pt.
File: tinytable_assets/iddelo33hlmq6ytwyy7w0n.png Graphic file (type png)
<use tinytable_assets/iddelo33hlmq6ytwyy7w0n.png>
Package pdftex.def Info: tinytable_assets/iddelo33hlmq6ytwyy7w0n.png  used on input line 207.
(pdftex.def)             Requested size: 32.86807pt x 10.94507pt.
<tinytable_assets/idyqznv0pkjj27si5u4xly.png, id=33, 1003.75pt x 334.24875pt>
File: tinytable_assets/idyqznv0pkjj27si5u4xly.png Graphic file (type png)
<use tinytable_assets/idyqznv0pkjj27si5u4xly.png>
Package pdftex.def Info: tinytable_assets/idyqznv0pkjj27si5u4xly.png  used on input line 207.
(pdftex.def)             Requested size: 32.86807pt x 10.94507pt.
File: tinytable_assets/idyqznv0pkjj27si5u4xly.png Graphic file (type png)
<use tinytable_assets/idyqznv0pkjj27si5u4xly.png>
Package pdftex.def Info: tinytable_assets/idyqznv0pkjj27si5u4xly.png  used on input line 207.
(pdftex.def)             Requested size: 32.86807pt x 10.94507pt.
<tinytable_assets/idl846jljiea2p2ok9tebe.png, id=34, 1003.75pt x 334.24875pt>
File: tinytable_assets/idl846jljiea2p2ok9tebe.png Graphic file (type png)
<use tinytable_assets/idl846jljiea2p2ok9tebe.png>
Package pdftex.def Info: tinytable_assets/idl846jljiea2p2ok9tebe.png  used on input line 207.
(pdftex.def)             Requested size: 32.86807pt x 10.94507pt.
File: tinytable_assets/idl846jljiea2p2ok9tebe.png Graphic file (type png)
<use tinytable_assets/idl846jljiea2p2ok9tebe.png>
Package pdftex.def Info: tinytable_assets/idl846jljiea2p2ok9tebe.png  used on input line 207.
(pdftex.def)             Requested size: 32.86807pt x 10.94507pt.
<tinytable_assets/idkksl6y7jye0kjwzkkjrf.png, id=35, 1003.75pt x 334.24875pt>
File: tinytable_assets/idkksl6y7jye0kjwzkkjrf.png Graphic file (type png)
<use tinytable_assets/idkksl6y7jye0kjwzkkjrf.png>
Package pdftex.def Info: tinytable_assets/idkksl6y7jye0kjwzkkjrf.png  used on input line 207.
(pdftex.def)             Requested size: 32.86807pt x 10.94507pt.
File: tinytable_assets/idkksl6y7jye0kjwzkkjrf.png Graphic file (type png)
<use tinytable_assets/idkksl6y7jye0kjwzkkjrf.png>
Package pdftex.def Info: tinytable_assets/idkksl6y7jye0kjwzkkjrf.png  used on input line 207.
(pdftex.def)             Requested size: 32.86807pt x 10.94507pt.
<tinytable_assets/idw83u1i6xh2m7zo7besry.png, id=36, 1003.75pt x 334.24875pt>
File: tinytable_assets/idw83u1i6xh2m7zo7besry.png Graphic file (type png)
<use tinytable_assets/idw83u1i6xh2m7zo7besry.png>
Package pdftex.def Info: tinytable_assets/idw83u1i6xh2m7zo7besry.png  used on input line 207.
(pdftex.def)             Requested size: 32.86807pt x 10.94507pt.
File: tinytable_assets/idw83u1i6xh2m7zo7besry.png Graphic file (type png)
<use tinytable_assets/idw83u1i6xh2m7zo7besry.png>
Package pdftex.def Info: tinytable_assets/idw83u1i6xh2m7zo7besry.png  used on input line 207.
(pdftex.def)             Requested size: 32.86807pt x 10.94507pt.
<tinytable_assets/idiwhpxs38zazlngue1rrp.png, id=37, 1003.75pt x 334.24875pt>
File: tinytable_assets/idiwhpxs38zazlngue1rrp.png Graphic file (type png)
<use tinytable_assets/idiwhpxs38zazlngue1rrp.png>
Package pdftex.def Info: tinytable_assets/idiwhpxs38zazlngue1rrp.png  used on input line 207.
(pdftex.def)             Requested size: 32.86807pt x 10.94507pt.
File: tinytable_assets/idiwhpxs38zazlngue1rrp.png Graphic file (type png)
<use tinytable_assets/idiwhpxs38zazlngue1rrp.png>
Package pdftex.def Info: tinytable_assets/idiwhpxs38zazlngue1rrp.png  used on input line 207.
(pdftex.def)             Requested size: 32.86807pt x 10.94507pt.
<tinytable_assets/id604r022zxbqybpjl4p74.png, id=38, 1003.75pt x 334.24875pt>
File: tinytable_assets/id604r022zxbqybpjl4p74.png Graphic file (type png)
<use tinytable_assets/id604r022zxbqybpjl4p74.png>
Package pdftex.def Info: tinytable_assets/id604r022zxbqybpjl4p74.png  used on input line 207.
(pdftex.def)             Requested size: 32.86807pt x 10.94507pt.
File: tinytable_assets/id604r022zxbqybpjl4p74.png Graphic file (type png)
<use tinytable_assets/id604r022zxbqybpjl4p74.png>
Package pdftex.def Info: tinytable_assets/id604r022zxbqybpjl4p74.png  used on input line 207.
(pdftex.def)             Requested size: 32.86807pt x 10.94507pt.
<tinytable_assets/iddmj77lrv9yarsc2vl7ua.png, id=39, 1003.75pt x 334.24875pt>
File: tinytable_assets/iddmj77lrv9yarsc2vl7ua.png Graphic file (type png)
<use tinytable_assets/iddmj77lrv9yarsc2vl7ua.png>
Package pdftex.def Info: tinytable_assets/iddmj77lrv9yarsc2vl7ua.png  used on input line 207.
(pdftex.def)             Requested size: 32.86807pt x 10.94507pt.
File: tinytable_assets/iddmj77lrv9yarsc2vl7ua.png Graphic file (type png)
<use tinytable_assets/iddmj77lrv9yarsc2vl7ua.png>
Package pdftex.def Info: tinytable_assets/iddmj77lrv9yarsc2vl7ua.png  used on input line 207.
(pdftex.def)             Requested size: 32.86807pt x 10.94507pt.
<tinytable_assets/idq6cfek37g7j5x4g5wqpd.png, id=40, 1003.75pt x 334.24875pt>
File: tinytable_assets/idq6cfek37g7j5x4g5wqpd.png Graphic file (type png)
<use tinytable_assets/idq6cfek37g7j5x4g5wqpd.png>
Package pdftex.def Info: tinytable_assets/idq6cfek37g7j5x4g5wqpd.png  used on input line 207.
(pdftex.def)             Requested size: 32.86807pt x 10.94507pt.
File: tinytable_assets/idq6cfek37g7j5x4g5wqpd.png Graphic file (type png)
<use tinytable_assets/idq6cfek37g7j5x4g5wqpd.png>
Package pdftex.def Info: tinytable_assets/idq6cfek37g7j5x4g5wqpd.png  used on input line 207.
(pdftex.def)             Requested size: 32.86807pt x 10.94507pt.
<tinytable_assets/ida8lmfemt73orblfjap9y.png, id=41, 1003.75pt x 334.24875pt>
File: tinytable_assets/ida8lmfemt73orblfjap9y.png Graphic file (type png)
<use tinytable_assets/ida8lmfemt73orblfjap9y.png>
Package pdftex.def Info: tinytable_assets/ida8lmfemt73orblfjap9y.png  used on input line 207.
(pdftex.def)             Requested size: 32.86807pt x 10.94507pt.
File: tinytable_assets/ida8lmfemt73orblfjap9y.png Graphic file (type png)
<use tinytable_assets/ida8lmfemt73orblfjap9y.png>
Package pdftex.def Info: tinytable_assets/ida8lmfemt73orblfjap9y.png  used on input line 207.
(pdftex.def)             Requested size: 32.86807pt x 10.94507pt.
<tinytable_assets/ido1gs8pz7n0hgkhc0r2oq.png, id=42, 1003.75pt x 334.24875pt>
File: tinytable_assets/ido1gs8pz7n0hgkhc0r2oq.png Graphic file (type png)
<use tinytable_assets/ido1gs8pz7n0hgkhc0r2oq.png>
Package pdftex.def Info: tinytable_assets/ido1gs8pz7n0hgkhc0r2oq.png  used on input line 207.
(pdftex.def)             Requested size: 32.86807pt x 10.94507pt.
File: tinytable_assets/ido1gs8pz7n0hgkhc0r2oq.png Graphic file (type png)
<use tinytable_assets/ido1gs8pz7n0hgkhc0r2oq.png>
Package pdftex.def Info: tinytable_assets/ido1gs8pz7n0hgkhc0r2oq.png  used on input line 207.
(pdftex.def)             Requested size: 32.86807pt x 10.94507pt.

Package tabularray Warning: Table width is too small, need 38.31548pt more!

> Step: build the whole table.
File: tinytable_assets/idb6b0mlev99f0xhn3ur6x.png Graphic file (type png)
<use tinytable_assets/idb6b0mlev99f0xhn3ur6x.png>
Package pdftex.def Info: tinytable_assets/idb6b0mlev99f0xhn3ur6x.png  used on input line 207.
(pdftex.def)             Requested size: 32.86807pt x 10.94507pt.
File: tinytable_assets/idb6b0mlev99f0xhn3ur6x.png Graphic file (type png)
<use tinytable_assets/idb6b0mlev99f0xhn3ur6x.png>
Package pdftex.def Info: tinytable_assets/idb6b0mlev99f0xhn3ur6x.png  used on input line 207.
(pdftex.def)             Requested size: 32.86807pt x 10.94507pt.
File: tinytable_assets/idpca4ob82ottgwe49wopi.png Graphic file (type png)
<use tinytable_assets/idpca4ob82ottgwe49wopi.png>
Package pdftex.def Info: tinytable_assets/idpca4ob82ottgwe49wopi.png  used on input line 207.
(pdftex.def)             Requested size: 32.86807pt x 10.94507pt.
File: tinytable_assets/idpca4ob82ottgwe49wopi.png Graphic file (type png)
<use tinytable_assets/idpca4ob82ottgwe49wopi.png>
Package pdftex.def Info: tinytable_assets/idpca4ob82ottgwe49wopi.png  used on input line 207.
(pdftex.def)             Requested size: 32.86807pt x 10.94507pt.
File: tinytable_assets/iddelo33hlmq6ytwyy7w0n.png Graphic file (type png)
<use tinytable_assets/iddelo33hlmq6ytwyy7w0n.png>
Package pdftex.def Info: tinytable_assets/iddelo33hlmq6ytwyy7w0n.png  used on input line 207.
(pdftex.def)             Requested size: 32.86807pt x 10.94507pt.
File: tinytable_assets/iddelo33hlmq6ytwyy7w0n.png Graphic file (type png)
<use tinytable_assets/iddelo33hlmq6ytwyy7w0n.png>
Package pdftex.def Info: tinytable_assets/iddelo33hlmq6ytwyy7w0n.png  used on input line 207.
(pdftex.def)             Requested size: 32.86807pt x 10.94507pt.
File: tinytable_assets/idyqznv0pkjj27si5u4xly.png Graphic file (type png)
<use tinytable_assets/idyqznv0pkjj27si5u4xly.png>
Package pdftex.def Info: tinytable_assets/idyqznv0pkjj27si5u4xly.png  used on input line 207.
(pdftex.def)             Requested size: 32.86807pt x 10.94507pt.
File: tinytable_assets/idyqznv0pkjj27si5u4xly.png Graphic file (type png)
<use tinytable_assets/idyqznv0pkjj27si5u4xly.png>
Package pdftex.def Info: tinytable_assets/idyqznv0pkjj27si5u4xly.png  used on input line 207.
(pdftex.def)             Requested size: 32.86807pt x 10.94507pt.
File: tinytable_assets/idl846jljiea2p2ok9tebe.png Graphic file (type png)
<use tinytable_assets/idl846jljiea2p2ok9tebe.png>
Package pdftex.def Info: tinytable_assets/idl846jljiea2p2ok9tebe.png  used on input line 207.
(pdftex.def)             Requested size: 32.86807pt x 10.94507pt.
File: tinytable_assets/idl846jljiea2p2ok9tebe.png Graphic file (type png)
<use tinytable_assets/idl846jljiea2p2ok9tebe.png>
Package pdftex.def Info: tinytable_assets/idl846jljiea2p2ok9tebe.png  used on input line 207.
(pdftex.def)             Requested size: 32.86807pt x 10.94507pt.
File: tinytable_assets/idkksl6y7jye0kjwzkkjrf.png Graphic file (type png)
<use tinytable_assets/idkksl6y7jye0kjwzkkjrf.png>
Package pdftex.def Info: tinytable_assets/idkksl6y7jye0kjwzkkjrf.png  used on input line 207.
(pdftex.def)             Requested size: 32.86807pt x 10.94507pt.
File: tinytable_assets/idkksl6y7jye0kjwzkkjrf.png Graphic file (type png)
<use tinytable_assets/idkksl6y7jye0kjwzkkjrf.png>
Package pdftex.def Info: tinytable_assets/idkksl6y7jye0kjwzkkjrf.png  used on input line 207.
(pdftex.def)             Requested size: 32.86807pt x 10.94507pt.
File: tinytable_assets/idw83u1i6xh2m7zo7besry.png Graphic file (type png)
<use tinytable_assets/idw83u1i6xh2m7zo7besry.png>
Package pdftex.def Info: tinytable_assets/idw83u1i6xh2m7zo7besry.png  used on input line 207.
(pdftex.def)             Requested size: 32.86807pt x 10.94507pt.
File: tinytable_assets/idw83u1i6xh2m7zo7besry.png Graphic file (type png)
<use tinytable_assets/idw83u1i6xh2m7zo7besry.png>
Package pdftex.def Info: tinytable_assets/idw83u1i6xh2m7zo7besry.png  used on input line 207.
(pdftex.def)             Requested size: 32.86807pt x 10.94507pt.
File: tinytable_assets/idiwhpxs38zazlngue1rrp.png Graphic file (type png)
<use tinytable_assets/idiwhpxs38zazlngue1rrp.png>
Package pdftex.def Info: tinytable_assets/idiwhpxs38zazlngue1rrp.png  used on input line 207.
(pdftex.def)             Requested size: 32.86807pt x 10.94507pt.
File: tinytable_assets/idiwhpxs38zazlngue1rrp.png Graphic file (type png)
<use tinytable_assets/idiwhpxs38zazlngue1rrp.png>
Package pdftex.def Info: tinytable_assets/idiwhpxs38zazlngue1rrp.png  used on input line 207.
(pdftex.def)             Requested size: 32.86807pt x 10.94507pt.
File: tinytable_assets/id604r022zxbqybpjl4p74.png Graphic file (type png)
<use tinytable_assets/id604r022zxbqybpjl4p74.png>
Package pdftex.def Info: tinytable_assets/id604r022zxbqybpjl4p74.png  used on input line 207.
(pdftex.def)             Requested size: 32.86807pt x 10.94507pt.
File: tinytable_assets/id604r022zxbqybpjl4p74.png Graphic file (type png)
<use tinytable_assets/id604r022zxbqybpjl4p74.png>
Package pdftex.def Info: tinytable_assets/id604r022zxbqybpjl4p74.png  used on input line 207.
(pdftex.def)             Requested size: 32.86807pt x 10.94507pt.
File: tinytable_assets/iddmj77lrv9yarsc2vl7ua.png Graphic file (type png)
<use tinytable_assets/iddmj77lrv9yarsc2vl7ua.png>
Package pdftex.def Info: tinytable_assets/iddmj77lrv9yarsc2vl7ua.png  used on input line 207.
(pdftex.def)             Requested size: 32.86807pt x 10.94507pt.
File: tinytable_assets/iddmj77lrv9yarsc2vl7ua.png Graphic file (type png)
<use tinytable_assets/iddmj77lrv9yarsc2vl7ua.png>
Package pdftex.def Info: tinytable_assets/iddmj77lrv9yarsc2vl7ua.png  used on input line 207.
(pdftex.def)             Requested size: 32.86807pt x 10.94507pt.
File: tinytable_assets/idq6cfek37g7j5x4g5wqpd.png Graphic file (type png)
<use tinytable_assets/idq6cfek37g7j5x4g5wqpd.png>
Package pdftex.def Info: tinytable_assets/idq6cfek37g7j5x4g5wqpd.png  used on input line 207.
(pdftex.def)             Requested size: 32.86807pt x 10.94507pt.
File: tinytable_assets/idq6cfek37g7j5x4g5wqpd.png Graphic file (type png)
<use tinytable_assets/idq6cfek37g7j5x4g5wqpd.png>
Package pdftex.def Info: tinytable_assets/idq6cfek37g7j5x4g5wqpd.png  used on input line 207.
(pdftex.def)             Requested size: 32.86807pt x 10.94507pt.
File: tinytable_assets/ida8lmfemt73orblfjap9y.png Graphic file (type png)
<use tinytable_assets/ida8lmfemt73orblfjap9y.png>
Package pdftex.def Info: tinytable_assets/ida8lmfemt73orblfjap9y.png  used on input line 207.
(pdftex.def)             Requested size: 32.86807pt x 10.94507pt.
File: tinytable_assets/ida8lmfemt73orblfjap9y.png Graphic file (type png)
<use tinytable_assets/ida8lmfemt73orblfjap9y.png>
Package pdftex.def Info: tinytable_assets/ida8lmfemt73orblfjap9y.png  used on input line 207.
(pdftex.def)             Requested size: 32.86807pt x 10.94507pt.
File: tinytable_assets/ido1gs8pz7n0hgkhc0r2oq.png Graphic file (type png)
<use tinytable_assets/ido1gs8pz7n0hgkhc0r2oq.png>
Package pdftex.def Info: tinytable_assets/ido1gs8pz7n0hgkhc0r2oq.png  used on input line 207.
(pdftex.def)             Requested size: 32.86807pt x 10.94507pt.
File: tinytable_assets/ido1gs8pz7n0hgkhc0r2oq.png Graphic file (type png)
<use tinytable_assets/ido1gs8pz7n0hgkhc0r2oq.png>
Package pdftex.def Info: tinytable_assets/ido1gs8pz7n0hgkhc0r2oq.png  used on input line 207.
(pdftex.def)             Requested size: 32.86807pt x 10.94507pt.

Overfull \hbox (38.31548pt too wide) in paragraph at lines 207--208
 [][] 
 []

LaTeX Font Info:    Trying to load font information for TS1+lmtt on input line 230.
(/Users/ignacio/Library/TinyTeX/texmf-dist/tex/latex/lm/ts1lmtt.fd
File: ts1lmtt.fd 2015/05/01 v1.6.1 Font defs for Latin Modern
)

[2{/Users/ignacio/Library/TinyTeX/texmf-dist/fonts/enc/dvips/lm/lm-rm.enc}{/Users/ignacio/Library/TinyTeX/texmf-dist/fonts/enc/dvips/lm/lm-mathit.enc}{/Users/ignacio/Library/TinyTeX/texmf-dist/fonts/enc/dvips/lm/lm-ts1.enc} <./tinytable_assets/idb6b0mlev99f0xhn3ur6x.png> <./tinytable_assets/idpca4ob82ottgwe49wopi.png> <./tinytable_assets/iddelo33hlmq6ytwyy7w0n.png> <./tinytable_assets/idyqznv0pkjj27si5u4xly.png> <./tinytable_assets/idl846jljiea2p2ok9tebe.png> <./tinytable_assets/idkksl6y7jye0kjwzkkjrf.png> <./tinytable_assets/idw83u1i6xh2m7zo7besry.png> <./tinytable_assets/idiwhpxs38zazlngue1rrp.png> <./tinytable_assets/id604r022zxbqybpjl4p74.png> <./tinytable_assets/iddmj77lrv9yarsc2vl7ua.png> <./tinytable_assets/idq6cfek37g7j5x4g5wqpd.png> <./tinytable_assets/ida8lmfemt73orblfjap9y.png> <./tinytable_assets/ido1gs8pz7n0hgkhc0r2oq.png>]
<Informe_TP1-Charaf_Spiousas_files/figure-latex/unnamed-chunk-3-1.pdf, id=64, 469.755pt x 216.81pt>
File: Informe_TP1-Charaf_Spiousas_files/figure-latex/unnamed-chunk-3-1.pdf Graphic file (type pdf)
<use Informe_TP1-Charaf_Spiousas_files/figure-latex/unnamed-chunk-3-1.pdf>
Package pdftex.def Info: Informe_TP1-Charaf_Spiousas_files/figure-latex/unnamed-chunk-3-1.pdf  used on input line 261.
(pdftex.def)             Requested size: 469.75386pt x 216.80946pt.


[3 <./Informe_TP1-Charaf_Spiousas_files/figure-latex/unnamed-chunk-3-1.pdf>]
<Informe_TP1-Charaf_Spiousas_files/figure-latex/unnamed-chunk-5-1.pdf, id=80, 469.755pt x 433.62pt>
File: Informe_TP1-Charaf_Spiousas_files/figure-latex/unnamed-chunk-5-1.pdf Graphic file (type pdf)
<use Informe_TP1-Charaf_Spiousas_files/figure-latex/unnamed-chunk-5-1.pdf>
Package pdftex.def Info: Informe_TP1-Charaf_Spiousas_files/figure-latex/unnamed-chunk-5-1.pdf  used on input line 327.
(pdftex.def)             Requested size: 469.75386pt x 433.61894pt.


[4]

[5 <./Informe_TP1-Charaf_Spiousas_files/figure-latex/unnamed-chunk-5-1.pdf>]
<Informe_TP1-Charaf_Spiousas_files/figure-latex/unnamed-chunk-6-1.pdf, id=104, 469.755pt x 216.81pt>
File: Informe_TP1-Charaf_Spiousas_files/figure-latex/unnamed-chunk-6-1.pdf Graphic file (type pdf)
<use Informe_TP1-Charaf_Spiousas_files/figure-latex/unnamed-chunk-6-1.pdf>
Package pdftex.def Info: Informe_TP1-Charaf_Spiousas_files/figure-latex/unnamed-chunk-6-1.pdf  used on input line 369.
(pdftex.def)             Requested size: 469.75386pt x 216.80946pt.


[6 <./Informe_TP1-Charaf_Spiousas_files/figure-latex/unnamed-chunk-6-1.pdf>]

[7{/Users/ignacio/Library/TinyTeX/texmf-dist/fonts/enc/dvips/lm/lm-mathsy.enc}]
> Step: init table outer spec.
> Step: parse table options.
> Step: split table.
> Step: init table inner spec.
> Step: parse table inner spec.
> Step: execute table commands.
> Step: calculate cell and line sizes.
> Step: build the whole table.


[8]
<Informe_TP1-Charaf_Spiousas_files/figure-latex/unnamed-chunk-10-1.pdf, id=139, 469.755pt x 289.08pt>
File: Informe_TP1-Charaf_Spiousas_files/figure-latex/unnamed-chunk-10-1.pdf Graphic file (type pdf)
<use Informe_TP1-Charaf_Spiousas_files/figure-latex/unnamed-chunk-10-1.pdf>
Package pdftex.def Info: Informe_TP1-Charaf_Spiousas_files/figure-latex/unnamed-chunk-10-1.pdf  used on input line 521.
(pdftex.def)             Requested size: 469.75386pt x 289.07928pt.


[9 <./Informe_TP1-Charaf_Spiousas_files/figure-latex/unnamed-chunk-10-1.pdf>]

[10{/Users/ignacio/Library/TinyTeX/texmf-dist/fonts/enc/dvips/lm/lm-mathex.enc}]

[11]
<Informe_TP1-Charaf_Spiousas_files/figure-latex/unnamed-chunk-16-1.pdf, id=169, 469.755pt x 289.08pt>
File: Informe_TP1-Charaf_Spiousas_files/figure-latex/unnamed-chunk-16-1.pdf Graphic file (type pdf)
<use Informe_TP1-Charaf_Spiousas_files/figure-latex/unnamed-chunk-16-1.pdf>
Package pdftex.def Info: Informe_TP1-Charaf_Spiousas_files/figure-latex/unnamed-chunk-16-1.pdf  used on input line 660.
(pdftex.def)             Requested size: 469.75386pt x 289.07928pt.


[12 <./Informe_TP1-Charaf_Spiousas_files/figure-latex/unnamed-chunk-16-1.pdf>]
> Step: init table outer spec.
> Step: parse table options.
> Step: split table.
> Step: init table inner spec.
> Step: parse table inner spec.
> Step: execute table commands.
> Step: calculate cell and line sizes.
> Step: build the whole table.

Underfull \hbox (badness 1990) in paragraph at lines 724--724
[]\T1/lmr/m/n/10.95 Table 2: Pér-dida para cada tipo de
 []



[13]
> Step: init table outer spec.
> Step: parse table options.
> Step: split table.
> Step: init table inner spec.
> Step: parse table inner spec.
> Step: execute table commands.
> Step: calculate cell and line sizes.
> Step: build the whole table.


[14]
<Informe_TP1-Charaf_Spiousas_files/figure-latex/unnamed-chunk-21-1.pdf, id=198, 469.755pt x 216.81pt>
File: Informe_TP1-Charaf_Spiousas_files/figure-latex/unnamed-chunk-21-1.pdf Graphic file (type pdf)
<use Informe_TP1-Charaf_Spiousas_files/figure-latex/unnamed-chunk-21-1.pdf>
Package pdftex.def Info: Informe_TP1-Charaf_Spiousas_files/figure-latex/unnamed-chunk-21-1.pdf  used on input line 851.
(pdftex.def)             Requested size: 469.75386pt x 216.80946pt.


[15]
Underfull \vbox (badness 10000) detected at line 904
 []


Underfull \vbox (badness 10000) detected at line 904
 []



[16 <./Informe_TP1-Charaf_Spiousas_files/figure-latex/unnamed-chunk-21-1.pdf>]
> Step: init table outer spec.
> Step: parse table options.
> Step: split table.
> Step: init table inner spec.
> Step: parse table inner spec.
> Step: execute table commands.
> Step: calculate cell and line sizes.
> Step: build the whole table.


[17]
<Informe_TP1-Charaf_Spiousas_files/figure-latex/unnamed-chunk-24-1.pdf, id=225, 469.755pt x 216.81pt>
File: Informe_TP1-Charaf_Spiousas_files/figure-latex/unnamed-chunk-24-1.pdf Graphic file (type pdf)
<use Informe_TP1-Charaf_Spiousas_files/figure-latex/unnamed-chunk-24-1.pdf>
Package pdftex.def Info: Informe_TP1-Charaf_Spiousas_files/figure-latex/unnamed-chunk-24-1.pdf  used on input line 971.
(pdftex.def)             Requested size: 469.75386pt x 216.80946pt.


[18 <./Informe_TP1-Charaf_Spiousas_files/figure-latex/unnamed-chunk-24-1.pdf>]
> Step: init table outer spec.
> Step: parse table options.
> Step: split table.
> Step: init table inner spec.
> Step: parse table inner spec.
> Step: execute table commands.
> Step: calculate cell and line sizes.
> Step: build the whole table.


[19]
<Informe_TP1-Charaf_Spiousas_files/figure-latex/unnamed-chunk-27-1.pdf, id=247, 469.755pt x 289.08pt>
File: Informe_TP1-Charaf_Spiousas_files/figure-latex/unnamed-chunk-27-1.pdf Graphic file (type pdf)
<use Informe_TP1-Charaf_Spiousas_files/figure-latex/unnamed-chunk-27-1.pdf>
Package pdftex.def Info: Informe_TP1-Charaf_Spiousas_files/figure-latex/unnamed-chunk-27-1.pdf  used on input line 1066.
(pdftex.def)             Requested size: 469.75386pt x 289.07928pt.


[20 <./Informe_TP1-Charaf_Spiousas_files/figure-latex/unnamed-chunk-27-1.pdf>] (./Informe_TP1-Charaf_Spiousas.aux)
 ***********
LaTeX2e <2024-06-01> patch level 2
L3 programming layer <2024-05-27>
 ***********
 ) 
Here is how much of TeX's memory you used:
 17700 strings out of 475544
 359134 string characters out of 5776679
 1981905 words of memory out of 5000000
 40043 multiletter control sequences out of 15000+600000
 646956 words of font info for 110 fonts, out of 8000000 for 9000
 14 hyphenation exceptions out of 8191
 83i,12n,107p,6296b,1214s stack positions out of 10000i,1000n,20000p,200000b,200000s
</Users/ignacio/Library/TinyTeX/texmf-dist/fonts/type1/public/lm/lmbx10.pfb></Users/ignacio/Library/TinyTeX/texmf-dist/fonts/type1/public/lm/lmbx12.pfb></Users/ignacio/Library/TinyTeX/texmf-dist/fonts/type1/public/lm/lmbx9.pfb></Users/ignacio/Library/TinyTeX/texmf-dist/fonts/type1/public/lm/lmex10.pfb></Users/ignacio/Library/TinyTeX/texmf-dist/fonts/type1/public/lm/lmmi10.pfb></Users/ignacio/Library/TinyTeX/texmf-dist/fonts/type1/public/lm/lmmi8.pfb></Users/ignacio/Library/TinyTeX/texmf-dist/fonts/type1/public/lm/lmr10.pfb></Users/ignacio/Library/TinyTeX/texmf-dist/fonts/type1/public/lm/lmr12.pfb></Users/ignacio/Library/TinyTeX/texmf-dist/fonts/type1/public/lm/lmr17.pfb></Users/ignacio/Library/TinyTeX/texmf-dist/fonts/type1/public/lm/lmr6.pfb></Users/ignacio/Library/TinyTeX/texmf-dist/fonts/type1/public/lm/lmr8.pfb></Users/ignacio/Library/TinyTeX/texmf-dist/fonts/type1/public/lm/lmr9.pfb></Users/ignacio/Library/TinyTeX/texmf-dist/fonts/type1/public/lm/lmri10.pfb></Users/ignacio/Library/TinyTeX/texmf-dist/fonts/type1/public/lm/lmri9.pfb></Users/ignacio/Library/TinyTeX/texmf-dist/fonts/type1/public/lm/lmsy10.pfb></Users/ignacio/Library/TinyTeX/texmf-dist/fonts/type1/public/lm/lmsy8.pfb></Users/ignacio/Library/TinyTeX/texmf-dist/fonts/type1/public/lm/lmtk10.pfb></Users/ignacio/Library/TinyTeX/texmf-dist/fonts/type1/public/lm/lmtt10.pfb></Users/ignacio/Library/TinyTeX/texmf-dist/fonts/type1/public/lm/lmtti10.pfb>
Output written on Informe_TP1-Charaf_Spiousas.pdf (20 pages, 772759 bytes).
PDF statistics:
 417 PDF objects out of 1000 (max. 8388607)
 306 compressed objects within 4 object streams
 64 named destinations out of 1000 (max. 500000)
 218 words of extra memory for PDF output out of 10000 (max. 10000000)

