This is pdfTeX, Version 3.141592653-2.6-1.40.25 (TeX Live 2023) (preloaded format=pdflatex 2024.2.9)  15 FEB 2024 21:13
entering extended mode
 restricted \write18 enabled.
 %&-line parsing enabled.
**TP_Final_Spiousas.tex
(./TP_Final_Spiousas.tex
LaTeX2e <2023-11-01> patch level 1
L3 programming layer <2024-01-22>
(/Users/ignacio/Library/TinyTeX/texmf-dist/tex/latex/base/article.cls
Document Class: article 2023/05/17 v1.4n Standard LaTeX document class
(/Users/ignacio/Library/TinyTeX/texmf-dist/tex/latex/base/size11.clo
File: size11.clo 2023/05/17 v1.4n Standard LaTeX file (size option)
)
\c@part=\count187
\c@section=\count188
\c@subsection=\count189
\c@subsubsection=\count190
\c@paragraph=\count191
\c@subparagraph=\count192
\c@figure=\count193
\c@table=\count194
\abovecaptionskip=\skip48
\belowcaptionskip=\skip49
\bibindent=\dimen140
) (/Users/ignacio/Library/TinyTeX/texmf-dist/tex/latex/amsmath/amsmath.sty
Package: amsmath 2023/05/13 v2.17o AMS math features
\@mathmargin=\skip50
For additional information on amsmath, use the `?' option.
(/Users/ignacio/Library/TinyTeX/texmf-dist/tex/latex/amsmath/amstext.sty
Package: amstext 2021/08/26 v2.01 AMS text
(/Users/ignacio/Library/TinyTeX/texmf-dist/tex/latex/amsmath/amsgen.sty
File: amsgen.sty 1999/11/30 v2.0 generic functions
\@emptytoks=\toks17
\ex@=\dimen141
)) (/Users/ignacio/Library/TinyTeX/texmf-dist/tex/latex/amsmath/amsbsy.sty
Package: amsbsy 1999/11/29 v1.2d Bold Symbols
\pmbraise@=\dimen142
) (/Users/ignacio/Library/TinyTeX/texmf-dist/tex/latex/amsmath/amsopn.sty
Package: amsopn 2022/04/08 v2.04 operator names
)
\inf@bad=\count195
LaTeX Info: Redefining \frac on input line 234.
\uproot@=\count196
\leftroot@=\count197
LaTeX Info: Redefining \overline on input line 399.
LaTeX Info: Redefining \colon on input line 410.
\classnum@=\count198
\DOTSCASE@=\count199
LaTeX Info: Redefining \ldots on input line 496.
LaTeX Info: Redefining \dots on input line 499.
LaTeX Info: Redefining \cdots on input line 620.
\Mathstrutbox@=\box51
\strutbox@=\box52
LaTeX Info: Redefining \big on input line 722.
LaTeX Info: Redefining \Big on input line 723.
LaTeX Info: Redefining \bigg on input line 724.
LaTeX Info: Redefining \Bigg on input line 725.
\big@size=\dimen143
LaTeX Font Info:    Redeclaring font encoding OML on input line 743.
LaTeX Font Info:    Redeclaring font encoding OMS on input line 744.
\macc@depth=\count266
LaTeX Info: Redefining \bmod on input line 905.
LaTeX Info: Redefining \pmod on input line 910.
LaTeX Info: Redefining \smash on input line 940.
LaTeX Info: Redefining \relbar on input line 970.
LaTeX Info: Redefining \Relbar on input line 971.
\c@MaxMatrixCols=\count267
\dotsspace@=\muskip16
\c@parentequation=\count268
\dspbrk@lvl=\count269
\tag@help=\toks18
\row@=\count270
\column@=\count271
\maxfields@=\count272
\andhelp@=\toks19
\eqnshift@=\dimen144
\alignsep@=\dimen145
\tagshift@=\dimen146
\tagwidth@=\dimen147
\totwidth@=\dimen148
\lineht@=\dimen149
\@envbody=\toks20
\multlinegap=\skip51
\multlinetaggap=\skip52
\mathdisplay@stack=\toks21
LaTeX Info: Redefining \[ on input line 2953.
LaTeX Info: Redefining \] on input line 2954.
) (/Users/ignacio/Library/TinyTeX/texmf-dist/tex/latex/amsfonts/amssymb.sty
Package: amssymb 2013/01/14 v3.01 AMS font symbols
(/Users/ignacio/Library/TinyTeX/texmf-dist/tex/latex/amsfonts/amsfonts.sty
Package: amsfonts 2013/01/14 v3.01 Basic AMSFonts support
\symAMSa=\mathgroup4
\symAMSb=\mathgroup5
LaTeX Font Info:    Redeclaring math symbol \hbar on input line 98.
LaTeX Font Info:    Overwriting math alphabet `\mathfrak' in version `bold'
(Font)                  U/euf/m/n --> U/euf/b/n on input line 106.
)) (/Users/ignacio/Library/TinyTeX/texmf-dist/tex/generic/iftex/iftex.sty
Package: iftex 2022/02/03 v1.0f TeX engine tests
) (/Users/ignacio/Library/TinyTeX/texmf-dist/tex/latex/base/fontenc.sty
Package: fontenc 2021/04/29 v2.0v Standard LaTeX package
) (/Users/ignacio/Library/TinyTeX/texmf-dist/tex/latex/base/inputenc.sty
Package: inputenc 2021/02/14 v1.3d Input encoding file
\inpenc@prehook=\toks22
\inpenc@posthook=\toks23
) (/Users/ignacio/Library/TinyTeX/texmf-dist/tex/latex/base/textcomp.sty
Package: textcomp 2020/02/02 v2.0n Standard LaTeX package
) (/Users/ignacio/Library/TinyTeX/texmf-dist/tex/latex/lm/lmodern.sty
Package: lmodern 2015/05/01 v1.6.1 Latin Modern Fonts
LaTeX Font Info:    Overwriting symbol font `operators' in version `normal'
(Font)                  OT1/cmr/m/n --> OT1/lmr/m/n on input line 22.
LaTeX Font Info:    Overwriting symbol font `letters' in version `normal'
(Font)                  OML/cmm/m/it --> OML/lmm/m/it on input line 23.
LaTeX Font Info:    Overwriting symbol font `symbols' in version `normal'
(Font)                  OMS/cmsy/m/n --> OMS/lmsy/m/n on input line 24.
LaTeX Font Info:    Overwriting symbol font `largesymbols' in version `normal'
(Font)                  OMX/cmex/m/n --> OMX/lmex/m/n on input line 25.
LaTeX Font Info:    Overwriting symbol font `operators' in version `bold'
(Font)                  OT1/cmr/bx/n --> OT1/lmr/bx/n on input line 26.
LaTeX Font Info:    Overwriting symbol font `letters' in version `bold'
(Font)                  OML/cmm/b/it --> OML/lmm/b/it on input line 27.
LaTeX Font Info:    Overwriting symbol font `symbols' in version `bold'
(Font)                  OMS/cmsy/b/n --> OMS/lmsy/b/n on input line 28.
LaTeX Font Info:    Overwriting symbol font `largesymbols' in version `bold'
(Font)                  OMX/cmex/m/n --> OMX/lmex/m/n on input line 29.
LaTeX Font Info:    Overwriting math alphabet `\mathbf' in version `normal'
(Font)                  OT1/cmr/bx/n --> OT1/lmr/bx/n on input line 31.
LaTeX Font Info:    Overwriting math alphabet `\mathsf' in version `normal'
(Font)                  OT1/cmss/m/n --> OT1/lmss/m/n on input line 32.
LaTeX Font Info:    Overwriting math alphabet `\mathit' in version `normal'
(Font)                  OT1/cmr/m/it --> OT1/lmr/m/it on input line 33.
LaTeX Font Info:    Overwriting math alphabet `\mathtt' in version `normal'
(Font)                  OT1/cmtt/m/n --> OT1/lmtt/m/n on input line 34.
LaTeX Font Info:    Overwriting math alphabet `\mathbf' in version `bold'
(Font)                  OT1/cmr/bx/n --> OT1/lmr/bx/n on input line 35.
LaTeX Font Info:    Overwriting math alphabet `\mathsf' in version `bold'
(Font)                  OT1/cmss/bx/n --> OT1/lmss/bx/n on input line 36.
LaTeX Font Info:    Overwriting math alphabet `\mathit' in version `bold'
(Font)                  OT1/cmr/bx/it --> OT1/lmr/bx/it on input line 37.
LaTeX Font Info:    Overwriting math alphabet `\mathtt' in version `bold'
(Font)                  OT1/cmtt/m/n --> OT1/lmtt/m/n on input line 38.
) (/Users/ignacio/Library/TinyTeX/texmf-dist/tex/latex/parskip/parskip.sty
Package: parskip 2021-03-14 v2.0h non-zero parskip adjustments
(/Users/ignacio/Library/TinyTeX/texmf-dist/tex/latex/kvoptions/kvoptions.sty
Package: kvoptions 2022-06-15 v3.15 Key value format for package options (HO)
(/Users/ignacio/Library/TinyTeX/texmf-dist/tex/latex/graphics/keyval.sty
Package: keyval 2022/05/29 v1.15 key=value parser (DPC)
\KV@toks@=\toks24
) (/Users/ignacio/Library/TinyTeX/texmf-dist/tex/generic/ltxcmds/ltxcmds.sty
Package: ltxcmds 2023-12-04 v1.26 LaTeX kernel commands for general use (HO)
) (/Users/ignacio/Library/TinyTeX/texmf-dist/tex/latex/kvsetkeys/kvsetkeys.sty
Package: kvsetkeys 2022-10-05 v1.19 Key value parser (HO)
)) (/Users/ignacio/Library/TinyTeX/texmf-dist/tex/latex/etoolbox/etoolbox.sty
Package: etoolbox 2020/10/05 v2.5k e-TeX tools for LaTeX (JAW)
\etb@tempcnta=\count273
)) (/Users/ignacio/Library/TinyTeX/texmf-dist/tex/latex/xcolor/xcolor.sty
Package: xcolor 2023/11/15 v3.01 LaTeX color extensions (UK)
(/Users/ignacio/Library/TinyTeX/texmf-dist/tex/latex/graphics-cfg/color.cfg
File: color.cfg 2016/01/02 v1.6 sample color configuration
)
Package xcolor Info: Driver file: pdftex.def on input line 274.
(/Users/ignacio/Library/TinyTeX/texmf-dist/tex/latex/graphics-def/pdftex.def
File: pdftex.def 2022/09/22 v1.2b Graphics/color driver for pdftex
) (/Users/ignacio/Library/TinyTeX/texmf-dist/tex/latex/graphics/mathcolor.ltx)
Package xcolor Info: Model `cmy' substituted by `cmy0' on input line 1350.
Package xcolor Info: Model `hsb' substituted by `rgb' on input line 1354.
Package xcolor Info: Model `RGB' extended on input line 1366.
Package xcolor Info: Model `HTML' substituted by `rgb' on input line 1368.
Package xcolor Info: Model `Hsb' substituted by `hsb' on input line 1369.
Package xcolor Info: Model `tHsb' substituted by `hsb' on input line 1370.
Package xcolor Info: Model `HSB' substituted by `hsb' on input line 1371.
Package xcolor Info: Model `Gray' substituted by `gray' on input line 1372.
Package xcolor Info: Model `wave' substituted by `hsb' on input line 1373.
) (/Users/ignacio/Library/TinyTeX/texmf-dist/tex/latex/geometry/geometry.sty
Package: geometry 2020/01/02 v5.9 Page Geometry
(/Users/ignacio/Library/TinyTeX/texmf-dist/tex/generic/iftex/ifvtex.sty
Package: ifvtex 2019/10/25 v1.7 ifvtex legacy package. Use iftex instead.
)
\Gm@cnth=\count274
\Gm@cntv=\count275
\c@Gm@tempcnt=\count276
\Gm@bindingoffset=\dimen150
\Gm@wd@mp=\dimen151
\Gm@odd@mp=\dimen152
\Gm@even@mp=\dimen153
\Gm@layoutwidth=\dimen154
\Gm@layoutheight=\dimen155
\Gm@layouthoffset=\dimen156
\Gm@layoutvoffset=\dimen157
\Gm@dimlist=\toks25
) (/Users/ignacio/Library/TinyTeX/texmf-dist/tex/latex/tools/longtable.sty
Package: longtable 2023-11-01 v4.19 Multi-page Table package (DPC)
\LTleft=\skip53
\LTright=\skip54
\LTpre=\skip55
\LTpost=\skip56
\LTchunksize=\count277
\LTcapwidth=\dimen158
\LT@head=\box53
\LT@firsthead=\box54
\LT@foot=\box55
\LT@lastfoot=\box56
\LT@gbox=\box57
\LT@cols=\count278
\LT@rows=\count279
\c@LT@tables=\count280
\c@LT@chunks=\count281
\LT@p@ftn=\toks26
) (/Users/ignacio/Library/TinyTeX/texmf-dist/tex/latex/booktabs/booktabs.sty
Package: booktabs 2020/01/12 v1.61803398 Publication quality tables
\heavyrulewidth=\dimen159
\lightrulewidth=\dimen160
\cmidrulewidth=\dimen161
\belowrulesep=\dimen162
\belowbottomsep=\dimen163
\aboverulesep=\dimen164
\abovetopsep=\dimen165
\cmidrulesep=\dimen166
\cmidrulekern=\dimen167
\defaultaddspace=\dimen168
\@cmidla=\count282
\@cmidlb=\count283
\@aboverulesep=\dimen169
\@belowrulesep=\dimen170
\@thisruleclass=\count284
\@lastruleclass=\count285
\@thisrulewidth=\dimen171
) (/Users/ignacio/Library/TinyTeX/texmf-dist/tex/latex/tools/array.sty
Package: array 2023/10/16 v2.5g Tabular extension package (FMi)
\col@sep=\dimen172
\ar@mcellbox=\box58
\extrarowheight=\dimen173
\NC@list=\toks27
\extratabsurround=\skip57
\backup@length=\skip58
\ar@cellbox=\box59
) (/Users/ignacio/Library/TinyTeX/texmf-dist/tex/latex/tools/calc.sty
Package: calc 2023/07/08 v4.3 Infix arithmetic (KKT,FJ)
\calc@Acount=\count286
\calc@Bcount=\count287
\calc@Adimen=\dimen174
\calc@Bdimen=\dimen175
\calc@Askip=\skip59
\calc@Bskip=\skip60
LaTeX Info: Redefining \setlength on input line 80.
LaTeX Info: Redefining \addtolength on input line 81.
\calc@Ccount=\count288
\calc@Cskip=\skip61
) (/Users/ignacio/Library/TinyTeX/texmf-dist/tex/latex/mdwtools/footnote.sty
Package: footnote 1997/01/28 1.13 Save footnotes around boxes
\fn@notes=\box60
\fn@width=\dimen176
) (/Users/ignacio/Library/TinyTeX/texmf-dist/tex/latex/graphics/graphicx.sty
Package: graphicx 2021/09/16 v1.2d Enhanced LaTeX Graphics (DPC,SPQR)
(/Users/ignacio/Library/TinyTeX/texmf-dist/tex/latex/graphics/graphics.sty
Package: graphics 2022/03/10 v1.4e Standard LaTeX Graphics (DPC,SPQR)
(/Users/ignacio/Library/TinyTeX/texmf-dist/tex/latex/graphics/trig.sty
Package: trig 2021/08/11 v1.11 sin cos tan (DPC)
) (/Users/ignacio/Library/TinyTeX/texmf-dist/tex/latex/graphics-cfg/graphics.cfg
File: graphics.cfg 2016/06/04 v1.11 sample graphics configuration
)
Package graphics Info: Driver file: pdftex.def on input line 107.
)
\Gin@req@height=\dimen177
\Gin@req@width=\dimen178
)
\cslhangindent=\skip62
\csllabelwidth=\skip63
\cslentryspacingunit=\skip64
(/Users/ignacio/Library/TinyTeX/texmf-dist/tex/generic/babel/babel.sty
Package: babel 2024/02/07 v24.2 The Babel package
\babel@savecnt=\count289
\U@D=\dimen179
\l@unhyphenated=\language3
(/Users/ignacio/Library/TinyTeX/texmf-dist/tex/generic/babel/txtbabel.def)
\bbl@readstream=\read2
\bbl@dirlevel=\count290
Package babel Info: You haven't specified a language as a class or package
(babel)             option. I'll load 'nil'. Reported on input line 4258.
(/Users/ignacio/Library/TinyTeX/texmf-dist/tex/generic/babel/nil.ldf
Language: nil 2024/02/07 v24.2 Nil language
\l@nil=\language4
))
\everypar=\toks28
(/Users/ignacio/Library/TinyTeX/texmf-dist/tex/generic/babel/locale/es/babel-spanish.tex)
Package babel Info: Importing data for spanish
(babel)             from babel-es.ini. Reported on input line 96.
Package babel Info: Hyphen rules for 'spanish' set to \l@nil
(babel)             (\language4). Reported on input line 96.
(/Users/ignacio/Library/TinyTeX/texmf-dist/tex/latex/setspace/setspace.sty
Package: setspace 2022/12/04 v6.7b set line spacing
) (/Users/ignacio/Library/TinyTeX/texmf-dist/tex/latex/float/float.sty
Package: float 2001/11/08 v1.3d Float enhancements (AL)
\c@float@type=\count291
\float@exts=\toks29
\float@box=\box61
\@float@everytoks=\toks30
\@floatcapt=\box62
) (/Users/ignacio/Library/TinyTeX/texmf-dist/tex/latex/hyperref/hyperref.sty
Package: hyperref 2024-01-20 v7.01h Hypertext links for LaTeX
(/Users/ignacio/Library/TinyTeX/texmf-dist/tex/generic/kvdefinekeys/kvdefinekeys.sty
Package: kvdefinekeys 2019-12-19 v1.6 Define keys (HO)
) (/Users/ignacio/Library/TinyTeX/texmf-dist/tex/generic/pdfescape/pdfescape.sty
Package: pdfescape 2019/12/09 v1.15 Implements pdfTeX's escape features (HO)
(/Users/ignacio/Library/TinyTeX/texmf-dist/tex/generic/pdftexcmds/pdftexcmds.sty
Package: pdftexcmds 2020-06-27 v0.33 Utility functions of pdfTeX for LuaTeX (HO)
(/Users/ignacio/Library/TinyTeX/texmf-dist/tex/generic/infwarerr/infwarerr.sty
Package: infwarerr 2019/12/03 v1.5 Providing info/warning/error messages (HO)
)
Package pdftexcmds Info: \pdf@primitive is available.
Package pdftexcmds Info: \pdf@ifprimitive is available.
Package pdftexcmds Info: \pdfdraftmode found.
)) (/Users/ignacio/Library/TinyTeX/texmf-dist/tex/latex/hycolor/hycolor.sty
Package: hycolor 2020-01-27 v1.10 Color options for hyperref/bookmark (HO)
) (/Users/ignacio/Library/TinyTeX/texmf-dist/tex/latex/auxhook/auxhook.sty
Package: auxhook 2019-12-17 v1.6 Hooks for auxiliary files (HO)
) (/Users/ignacio/Library/TinyTeX/texmf-dist/tex/latex/hyperref/nameref.sty
Package: nameref 2023-11-26 v2.56 Cross-referencing by name of section
(/Users/ignacio/Library/TinyTeX/texmf-dist/tex/latex/refcount/refcount.sty
Package: refcount 2019/12/15 v3.6 Data extraction from label references (HO)
) (/Users/ignacio/Library/TinyTeX/texmf-dist/tex/generic/gettitlestring/gettitlestring.sty
Package: gettitlestring 2019/12/15 v1.6 Cleanup title references (HO)
)
\c@section@level=\count292
)
\@linkdim=\dimen180
\Hy@linkcounter=\count293
\Hy@pagecounter=\count294
(/Users/ignacio/Library/TinyTeX/texmf-dist/tex/latex/hyperref/pd1enc.def
File: pd1enc.def 2024-01-20 v7.01h Hyperref: PDFDocEncoding definition (HO)
Now handling font encoding PD1 ...
... no UTF-8 mapping file for font encoding PD1
) (/Users/ignacio/Library/TinyTeX/texmf-dist/tex/generic/intcalc/intcalc.sty
Package: intcalc 2019/12/15 v1.3 Expandable calculations with integers (HO)
)
\Hy@SavedSpaceFactor=\count295
(/Users/ignacio/Library/TinyTeX/texmf-dist/tex/latex/hyperref/puenc.def
File: puenc.def 2024-01-20 v7.01h Hyperref: PDF Unicode definition (HO)
Now handling font encoding PU ...
... no UTF-8 mapping file for font encoding PU
)
Package hyperref Info: Option `unicode' set `true' on input line 4062.
Package hyperref Info: Hyper figures OFF on input line 4179.
Package hyperref Info: Link nesting OFF on input line 4184.
Package hyperref Info: Hyper index ON on input line 4187.
Package hyperref Info: Plain pages OFF on input line 4194.
Package hyperref Info: Backreferencing OFF on input line 4199.
Package hyperref Info: Implicit mode ON; LaTeX internals redefined.
Package hyperref Info: Bookmarks ON on input line 4446.
\c@Hy@tempcnt=\count296
(/Users/ignacio/Library/TinyTeX/texmf-dist/tex/latex/url/url.sty
\Urlmuskip=\muskip17
Package: url 2013/09/16  ver 3.4  Verb mode for urls, etc.
)
LaTeX Info: Redefining \url on input line 4784.
\XeTeXLinkMargin=\dimen181
(/Users/ignacio/Library/TinyTeX/texmf-dist/tex/generic/bitset/bitset.sty
Package: bitset 2019/12/09 v1.3 Handle bit-vector datatype (HO)
(/Users/ignacio/Library/TinyTeX/texmf-dist/tex/generic/bigintcalc/bigintcalc.sty
Package: bigintcalc 2019/12/15 v1.5 Expandable calculations on big integers (HO)
))
\Fld@menulength=\count297
\Field@Width=\dimen182
\Fld@charsize=\dimen183
Package hyperref Info: Hyper figures OFF on input line 6063.
Package hyperref Info: Link nesting OFF on input line 6068.
Package hyperref Info: Hyper index ON on input line 6071.
Package hyperref Info: backreferencing OFF on input line 6078.
Package hyperref Info: Link coloring OFF on input line 6083.
Package hyperref Info: Link coloring with OCG OFF on input line 6088.
Package hyperref Info: PDF/A mode OFF on input line 6093.
(/Users/ignacio/Library/TinyTeX/texmf-dist/tex/latex/base/atbegshi-ltx.sty
Package: atbegshi-ltx 2021/01/10 v1.0c Emulation of the original atbegshi
package with kernel methods
)
\Hy@abspage=\count298
\c@Item=\count299
\c@Hfootnote=\count300
)
Package hyperref Info: Driver (autodetected): hpdftex.
(/Users/ignacio/Library/TinyTeX/texmf-dist/tex/latex/hyperref/hpdftex.def
File: hpdftex.def 2024-01-20 v7.01h Hyperref driver for pdfTeX
(/Users/ignacio/Library/TinyTeX/texmf-dist/tex/latex/base/atveryend-ltx.sty
Package: atveryend-ltx 2020/08/19 v1.0a Emulation of the original atveryend package
with kernel methods
)
\Fld@listcount=\count301
\c@bookmark@seq@number=\count302
(/Users/ignacio/Library/TinyTeX/texmf-dist/tex/latex/rerunfilecheck/rerunfilecheck.sty
Package: rerunfilecheck 2022-07-10 v1.10 Rerun checks for auxiliary files (HO)
(/Users/ignacio/Library/TinyTeX/texmf-dist/tex/generic/uniquecounter/uniquecounter.sty
Package: uniquecounter 2019/12/15 v1.4 Provide unlimited unique counter (HO)
)
Package uniquecounter Info: New unique counter `rerunfilecheck' on input line 285.
)
\Hy@SectionHShift=\skip65
)
LaTeX Font Info:    Trying to load font information for T1+lmr on input line 127.
(/Users/ignacio/Library/TinyTeX/texmf-dist/tex/latex/lm/t1lmr.fd
File: t1lmr.fd 2015/05/01 v1.6.1 Font defs for Latin Modern
) (/Users/ignacio/Library/TinyTeX/texmf-dist/tex/latex/l3backend/l3backend-pdftex.def
File: l3backend-pdftex.def 2024-01-04 L3 backend support: PDF output (pdfTeX)
\l__color_backend_stack_int=\count303
\l__pdf_internal_box=\box63
) (./TP_Final_Spiousas.aux)
\openout1 = `TP_Final_Spiousas.aux'.

LaTeX Font Info:    Checking defaults for OML/cmm/m/it on input line 127.
LaTeX Font Info:    ... okay on input line 127.
LaTeX Font Info:    Checking defaults for OMS/cmsy/m/n on input line 127.
LaTeX Font Info:    ... okay on input line 127.
LaTeX Font Info:    Checking defaults for OT1/cmr/m/n on input line 127.
LaTeX Font Info:    ... okay on input line 127.
LaTeX Font Info:    Checking defaults for T1/cmr/m/n on input line 127.
LaTeX Font Info:    ... okay on input line 127.
LaTeX Font Info:    Checking defaults for TS1/cmr/m/n on input line 127.
LaTeX Font Info:    ... okay on input line 127.
LaTeX Font Info:    Checking defaults for OMX/cmex/m/n on input line 127.
LaTeX Font Info:    ... okay on input line 127.
LaTeX Font Info:    Checking defaults for U/cmr/m/n on input line 127.
LaTeX Font Info:    ... okay on input line 127.
LaTeX Font Info:    Checking defaults for PD1/pdf/m/n on input line 127.
LaTeX Font Info:    ... okay on input line 127.
LaTeX Font Info:    Checking defaults for PU/pdf/m/n on input line 127.
LaTeX Font Info:    ... okay on input line 127.
(/Users/ignacio/Library/TinyTeX/texmf-dist/tex/latex/epstopdf-pkg/epstopdf-base.sty
Package: epstopdf-base 2020-01-24 v2.11 Base part for package epstopdf
Package epstopdf-base Info: Redefining graphics rule for `.eps' on input line 485.
(/Users/ignacio/Library/TinyTeX/texmf-dist/tex/latex/latexconfig/epstopdf-sys.cfg
File: epstopdf-sys.cfg 2010/07/13 v1.3 Configuration of (r)epstopdf for TeX Live
))
*geometry* driver: auto-detecting
*geometry* detected driver: pdftex
*geometry* verbose mode - [ preamble ] result:
* driver: pdftex
* paper: <default>
* layout: <same size as paper>
* layoutoffset:(h,v)=(0.0pt,0.0pt)
* modes: 
* h-part:(L,W,R)=(72.26999pt, 469.75502pt, 72.26999pt)
* v-part:(T,H,B)=(72.26999pt, 650.43001pt, 72.26999pt)
* \paperwidth=614.295pt
* \paperheight=794.96999pt
* \textwidth=469.75502pt
* \textheight=650.43001pt
* \oddsidemargin=0.0pt
* \evensidemargin=0.0pt
* \topmargin=-37.0pt
* \headheight=12.0pt
* \headsep=25.0pt
* \topskip=11.0pt
* \footskip=30.0pt
* \marginparwidth=59.0pt
* \marginparsep=10.0pt
* \columnsep=10.0pt
* \skip\footins=10.0pt plus 4.0pt minus 2.0pt
* \hoffset=0.0pt
* \voffset=0.0pt
* \mag=1000
* \@twocolumnfalse
* \@twosidefalse
* \@mparswitchfalse
* \@reversemarginfalse
* (1in=72.27pt=25.4mm, 1cm=28.453pt)

Package hyperref Info: Link coloring OFF on input line 127.
(./TP_Final_Spiousas.out) (./TP_Final_Spiousas.out)
\@outlinefile=\write3
\openout3 = `TP_Final_Spiousas.out'.

LaTeX Font Info:    Trying to load font information for OT1+lmr on input line 129.
(/Users/ignacio/Library/TinyTeX/texmf-dist/tex/latex/lm/ot1lmr.fd
File: ot1lmr.fd 2015/05/01 v1.6.1 Font defs for Latin Modern
)
LaTeX Font Info:    Trying to load font information for OML+lmm on input line 129.
(/Users/ignacio/Library/TinyTeX/texmf-dist/tex/latex/lm/omllmm.fd
File: omllmm.fd 2015/05/01 v1.6.1 Font defs for Latin Modern
)
LaTeX Font Info:    Trying to load font information for OMS+lmsy on input line 129.
(/Users/ignacio/Library/TinyTeX/texmf-dist/tex/latex/lm/omslmsy.fd
File: omslmsy.fd 2015/05/01 v1.6.1 Font defs for Latin Modern
)
LaTeX Font Info:    Trying to load font information for OMX+lmex on input line 129.
(/Users/ignacio/Library/TinyTeX/texmf-dist/tex/latex/lm/omxlmex.fd
File: omxlmex.fd 2015/05/01 v1.6.1 Font defs for Latin Modern
)
LaTeX Font Info:    External font `lmex10' loaded for size
(Font)              <12> on input line 129.
LaTeX Font Info:    External font `lmex10' loaded for size
(Font)              <8> on input line 129.
LaTeX Font Info:    External font `lmex10' loaded for size
(Font)              <6> on input line 129.
LaTeX Font Info:    Trying to load font information for U+msa on input line 129.
(/Users/ignacio/Library/TinyTeX/texmf-dist/tex/latex/amsfonts/umsa.fd
File: umsa.fd 2013/01/14 v3.01 AMS symbols A
)
LaTeX Font Info:    Trying to load font information for U+msb on input line 129.
(/Users/ignacio/Library/TinyTeX/texmf-dist/tex/latex/amsfonts/umsb.fd
File: umsb.fd 2013/01/14 v3.01 AMS symbols B
)
LaTeX Font Info:    External font `lmex10' loaded for size
(Font)              <10.95> on input line 154.
LaTeX Font Info:    External font `lmex10' loaded for size
(Font)              <9> on input line 154.
LaTeX Font Info:    External font `lmex10' loaded for size
(Font)              <5> on input line 154.
[1

{/Users/ignacio/Library/TinyTeX/texmf-var/fonts/map/pdftex/updmap/pdftex.map}{/Users/ignacio/Library/TinyTeX/texmf-dist/fonts/enc/dvips/lm/lm-ec.enc}]

LaTeX Warning: No positions in optional float specifier.
               Default added (so using `tbp') on input line 227.


Overfull \hbox (53.21501pt too wide) in paragraph at lines 228--245
[][] 
 []

<TP_Final_Spiousas_files/figure-latex/unnamed-chunk-2-1.pdf, id=83, 216.81pt x 216.81pt>
File: TP_Final_Spiousas_files/figure-latex/unnamed-chunk-2-1.pdf Graphic file (type pdf)
<use TP_Final_Spiousas_files/figure-latex/unnamed-chunk-2-1.pdf>
Package pdftex.def Info: TP_Final_Spiousas_files/figure-latex/unnamed-chunk-2-1.pdf  used on input line 258.
(pdftex.def)             Requested size: 216.81938pt x 216.81938pt.
[2]
<TP_Final_Spiousas_files/figure-latex/unnamed-chunk-3-1.pdf, id=96, 578.16pt x 505.89pt>
File: TP_Final_Spiousas_files/figure-latex/unnamed-chunk-3-1.pdf Graphic file (type pdf)
<use TP_Final_Spiousas_files/figure-latex/unnamed-chunk-3-1.pdf>
Package pdftex.def Info: TP_Final_Spiousas_files/figure-latex/unnamed-chunk-3-1.pdf  used on input line 276.
(pdftex.def)             Requested size: 469.75385pt x 411.0346pt.
[3]
<TP_Final_Spiousas_files/figure-latex/unnamed-chunk-4-1.pdf, id=105, 289.08pt x 289.08pt>
File: TP_Final_Spiousas_files/figure-latex/unnamed-chunk-4-1.pdf Graphic file (type pdf)
<use TP_Final_Spiousas_files/figure-latex/unnamed-chunk-4-1.pdf>
Package pdftex.def Info: TP_Final_Spiousas_files/figure-latex/unnamed-chunk-4-1.pdf  used on input line 316.
(pdftex.def)             Requested size: 289.09251pt x 289.09251pt.

Underfull \hbox (badness 1028) in paragraph at lines 323--340
\T1/lmr/m/n/10.95 en especial el grupo de abajo a la izquierda que incluye a \T1/lmr/bx/n/10.95 Matiz\T1/lmr/m/n/10.95 , \T1/lmr/bx/n/10.95 Proantocianidinas\T1/lmr/m/n/10.95 ,
 []

<TP_Final_Spiousas_files/figure-latex/unnamed-chunk-5-1.pdf, id=108, 361.35pt x 361.35pt>
File: TP_Final_Spiousas_files/figure-latex/unnamed-chunk-5-1.pdf Graphic file (type pdf)
<use TP_Final_Spiousas_files/figure-latex/unnamed-chunk-5-1.pdf>
Package pdftex.def Info: TP_Final_Spiousas_files/figure-latex/unnamed-chunk-5-1.pdf  used on input line 343.
(pdftex.def)             Requested size: 361.34912pt x 361.34912pt.
[4 <./TP_Final_Spiousas_files/figure-latex/unnamed-chunk-2-1.pdf>] [5 <./TP_Final_Spiousas_files/figure-latex/unnamed-chunk-3-1.pdf>] [6 <./TP_Final_Spiousas_files/figure-latex/unnamed-chunk-4-1.pdf>] [7 <./TP_Final_Spiousas_files/figure-latex/unnamed-chunk-5-1.pdf>]
LaTeX Font Info:    Trying to load font information for T1+lmtt on input line 367.
(/Users/ignacio/Library/TinyTeX/texmf-dist/tex/latex/lm/t1lmtt.fd
File: t1lmtt.fd 2015/05/01 v1.6.1 Font defs for Latin Modern
)

LaTeX Warning: Command \' invalid in math mode on input line 377.


LaTeX Warning: Command \' invalid in math mode on input line 377.

[8{/Users/ignacio/Library/TinyTeX/texmf-dist/fonts/enc/dvips/lm/lm-mathit.enc}{/Users/ignacio/Library/TinyTeX/texmf-dist/fonts/enc/dvips/lm/lm-rm.enc}]
<TP_Final_Spiousas_files/figure-latex/unnamed-chunk-8-1.pdf, id=172, 433.62pt x 289.08pt>
File: TP_Final_Spiousas_files/figure-latex/unnamed-chunk-8-1.pdf Graphic file (type pdf)
<use TP_Final_Spiousas_files/figure-latex/unnamed-chunk-8-1.pdf>
Package pdftex.def Info: TP_Final_Spiousas_files/figure-latex/unnamed-chunk-8-1.pdf  used on input line 426.
(pdftex.def)             Requested size: 433.63878pt x 289.09251pt.
[9 <./TP_Final_Spiousas_files/figure-latex/unnamed-chunk-8-1.pdf>]
<TP_Final_Spiousas_files/figure-latex/unnamed-chunk-10-1.pdf, id=187, 578.16pt x 433.62pt>
File: TP_Final_Spiousas_files/figure-latex/unnamed-chunk-10-1.pdf Graphic file (type pdf)
<use TP_Final_Spiousas_files/figure-latex/unnamed-chunk-10-1.pdf>
Package pdftex.def Info: TP_Final_Spiousas_files/figure-latex/unnamed-chunk-10-1.pdf  used on input line 462.
(pdftex.def)             Requested size: 469.75385pt x 352.31538pt.
LaTeX Font Info:    Trying to load font information for TS1+lmr on input line 481.
(/Users/ignacio/Library/TinyTeX/texmf-dist/tex/latex/lm/ts1lmr.fd
File: ts1lmr.fd 2015/05/01 v1.6.1 Font defs for Latin Modern
) [10 <./TP_Final_Spiousas_files/figure-latex/unnamed-chunk-10-1.pdf>]
<TP_Final_Spiousas_files/figure-latex/unnamed-chunk-11-1.pdf, id=201, 433.62pt x 289.08pt>
File: TP_Final_Spiousas_files/figure-latex/unnamed-chunk-11-1.pdf Graphic file (type pdf)
<use TP_Final_Spiousas_files/figure-latex/unnamed-chunk-11-1.pdf>
Package pdftex.def Info: TP_Final_Spiousas_files/figure-latex/unnamed-chunk-11-1.pdf  used on input line 485.
(pdftex.def)             Requested size: 433.63878pt x 289.09251pt.
[11{/Users/ignacio/Library/TinyTeX/texmf-dist/fonts/enc/dvips/lm/lm-ts1.enc} <./TP_Final_Spiousas_files/figure-latex/unnamed-chunk-11-1.pdf>]
<TP_Final_Spiousas_files/figure-latex/unnamed-chunk-13-1.pdf, id=216, 433.62pt x 289.08pt>
File: TP_Final_Spiousas_files/figure-latex/unnamed-chunk-13-1.pdf Graphic file (type pdf)
<use TP_Final_Spiousas_files/figure-latex/unnamed-chunk-13-1.pdf>
Package pdftex.def Info: TP_Final_Spiousas_files/figure-latex/unnamed-chunk-13-1.pdf  used on input line 525.
(pdftex.def)             Requested size: 433.63878pt x 289.09251pt.
[12{/Users/ignacio/Library/TinyTeX/texmf-dist/fonts/enc/dvips/lm/lm-mathsy.enc} <./TP_Final_Spiousas_files/figure-latex/unnamed-chunk-13-1.pdf>]
Underfull \hbox (badness 4981) in paragraph at lines 559--559
\T1/lmr/m/n/10.95 logístico multinomial con los datos de training con
 []

[13]
<TP_Final_Spiousas_files/figure-latex/unnamed-chunk-16-1.pdf, id=243, 433.62pt x 289.08pt>
File: TP_Final_Spiousas_files/figure-latex/unnamed-chunk-16-1.pdf Graphic file (type pdf)
<use TP_Final_Spiousas_files/figure-latex/unnamed-chunk-16-1.pdf>
Package pdftex.def Info: TP_Final_Spiousas_files/figure-latex/unnamed-chunk-16-1.pdf  used on input line 604.
(pdftex.def)             Requested size: 433.63878pt x 289.09251pt.
<TP_Final_Spiousas_files/figure-latex/unnamed-chunk-17-1.pdf, id=246, 722.7pt x 578.16pt>
File: TP_Final_Spiousas_files/figure-latex/unnamed-chunk-17-1.pdf Graphic file (type pdf)
<use TP_Final_Spiousas_files/figure-latex/unnamed-chunk-17-1.pdf>
Package pdftex.def Info: TP_Final_Spiousas_files/figure-latex/unnamed-chunk-17-1.pdf  used on input line 623.
(pdftex.def)             Requested size: 469.76045pt x 375.80836pt.
[14 <./TP_Final_Spiousas_files/figure-latex/unnamed-chunk-16-1.pdf>] [15 <./TP_Final_Spiousas_files/figure-latex/unnamed-chunk-17-1.pdf>] [16] [17] [18] [19]
Underfull \hbox (badness 1509) in paragraph at lines 883--888
[]\T1/lmr/m/n/10.95 Tay, J. K., Narasimhan, B., & Hastie, T. (2023). Elastic Net Regularization Paths for
 []


Underfull \hbox (badness 3098) in paragraph at lines 883--888
\T1/lmr/m/n/10.95 All Generalized Linear Models. \T1/lmr/m/it/10.95 Journal of Statistical Software\T1/lmr/m/n/10.95 , \T1/lmr/m/it/10.95 106\T1/lmr/m/n/10.95 (1), 1-31. []$https :$
 []

[20] (./TP_Final_Spiousas.aux)
 ***********
LaTeX2e <2023-11-01> patch level 1
L3 programming layer <2024-01-22>
 ***********
Package rerunfilecheck Info: File `TP_Final_Spiousas.out' has not changed.
(rerunfilecheck)             Checksum: 7FC56C99282B4A3ED978E80F47761CC9;2737.
 ) 
Here is how much of TeX's memory you used:
 12634 strings out of 476188
 203313 string characters out of 5794838
 1934975 words of memory out of 5000000
 34325 multiletter control sequences out of 15000+600000
 627195 words of font info for 85 fonts, out of 8000000 for 9000
 14 hyphenation exceptions out of 8191
 69i,9n,79p,556b,567s stack positions out of 10000i,1000n,20000p,200000b,200000s
</Users/ignacio/Library/TinyTeX/texmf-dist/fonts/type1/public/lm/lmbx10.pfb></Users/ignacio/Library/TinyTeX/texmf-dist/fonts/type1/public/lm/lmbx12.pfb></Users/ignacio/Library/TinyTeX/texmf-dist/fonts/type1/public/lm/lmbxi10.pfb></Users/ignacio/Library/TinyTeX/texmf-dist/fonts/type1/public/lm/lmmi10.pfb></Users/ignacio/Library/TinyTeX/texmf-dist/fonts/type1/public/lm/lmr10.pfb></Users/ignacio/Library/TinyTeX/texmf-dist/fonts/type1/public/lm/lmr12.pfb></Users/ignacio/Library/TinyTeX/texmf-dist/fonts/type1/public/lm/lmr17.pfb></Users/ignacio/Library/TinyTeX/texmf-dist/fonts/type1/public/lm/lmr6.pfb></Users/ignacio/Library/TinyTeX/texmf-dist/fonts/type1/public/lm/lmr8.pfb></Users/ignacio/Library/TinyTeX/texmf-dist/fonts/type1/public/lm/lmr9.pfb></Users/ignacio/Library/TinyTeX/texmf-dist/fonts/type1/public/lm/lmri10.pfb></Users/ignacio/Library/TinyTeX/texmf-dist/fonts/type1/public/lm/lmri9.pfb></Users/ignacio/Library/TinyTeX/texmf-dist/fonts/type1/public/lm/lmsy8.pfb></Users/ignacio/Library/TinyTeX/texmf-dist/fonts/type1/public/lm/lmtt10.pfb></Users/ignacio/Library/TinyTeX/texmf-dist/fonts/type1/public/lm/lmtt9.pfb>
Output written on TP_Final_Spiousas.pdf (20 pages, 657470 bytes).
PDF statistics:
 434 PDF objects out of 1000 (max. 8388607)
 353 compressed objects within 4 object streams
 93 named destinations out of 1000 (max. 500000)
 163 words of extra memory for PDF output out of 10000 (max. 10000000)

